#
# There is insufficient memory for the Java Runtime Environment to continue.
# Native memory allocation (malloc) failed to allocate 1524176 bytes for Chunk::new
# Possible reasons:
#   The system is out of physical RAM or swap space
#   The process is running with CompressedOops enabled, and the Java Heap may be blocking the growth of the native heap
# Possible solutions:
#   Reduce memory load on the system
#   Increase physical memory or swap space
#   Check if swap backing store is full
#   Decrease Java heap size (-Xmx/-Xms)
#   Decrease number of Java threads
#   Decrease Java thread stack sizes (-Xss)
#   Set larger code cache with -XX:ReservedCodeCacheSize=
#   JVM is running with Unscaled Compressed Oops mode in which the Java heap is
#     placed in the first 4GB address space. The Java Heap base address is the
#     maximum limit for the native heap growth. Please use -XX:HeapBaseMinAddress
#     to set the Java Heap base and to place the Java Heap above 4GB virtual address.
# This output file may be truncated or incomplete.
#
#  Out of Memory Error (./src/hotspot/share/memory/arena.cpp:197), pid=18368, tid=18652
#
# JRE version: OpenJDK Runtime Environment (11.0.13) (build 11.0.13+0-b1751.21-8125866)
# Java VM: OpenJDK 64-Bit Server VM (11.0.13+0-b1751.21-8125866, mixed mode, tiered, compressed oops, g1 gc, windows-amd64)
# No core dump will be written. Minidumps are not enabled by default on client versions of Windows
#

---------------  S U M M A R Y ------------

Command Line: --add-opens=java.base/java.util=ALL-UNNAMED --add-opens=java.base/java.lang=ALL-UNNAMED --add-opens=java.base/java.lang.invoke=ALL-UNNAMED --add-opens=java.prefs/java.util.prefs=ALL-UNNAMED --add-opens=java.base/java.nio.charset=ALL-UNNAMED --add-opens=java.base/java.net=ALL-UNNAMED --add-opens=java.base/java.util.concurrent.atomic=ALL-UNNAMED -Xmx2048m -Dfile.encoding=UTF-8 -Duser.country=FR -Duser.language=fr -Duser.variant -javaagent:C:\Users\ELITEBOOK\.gradle\wrapper\dists\gradle-8.2.1-all\d8pvvlun5bx6sdtwqhf8y9z4b\gradle-8.2.1\lib\agents\gradle-instrumentation-agent-8.2.1.jar org.gradle.launcher.daemon.bootstrap.GradleDaemon 8.2.1

Host: AMD Ryzen 5 PRO 4650U with Radeon Graphics, 12 cores, 15G,  Windows 11 , 64 bit Build 26100 (10.0.26100.7019)
Time: Tue Nov 25 14:39:25 2025 Paris, Madrid elapsed time: 66.790782 seconds (0d 0h 1m 6s)

---------------  T H R E A D  ---------------

Current thread (0x000001e546abd800):  JavaThread "C2 CompilerThread1" daemon [_thread_in_native, id=18652, stack(0x000000b049300000,0x000000b049400000)]


Current CompileTask:
C2:  66790 10364       4       org.objectweb.asm.SymbolTable::addConstant (330 bytes)

Stack: [0x000000b049300000,0x000000b049400000]
Native frames: (J=compiled Java code, j=interpreted, Vv=VM code, C=native code)
V  [jvm.dll+0x6100fa]
V  [jvm.dll+0x747090]
V  [jvm.dll+0x7486ad]
V  [jvm.dll+0x748d83]
V  [jvm.dll+0x24ab48]
V  [jvm.dll+0xc04dc]
V  [jvm.dll+0xc0a0c]
V  [jvm.dll+0x35eb5b]
V  [jvm.dll+0x32b833]
V  [jvm.dll+0x32ad2a]
V  [jvm.dll+0x2032b2]
V  [jvm.dll+0x202437]
V  [jvm.dll+0x188e01]
V  [jvm.dll+0x21106b]
V  [jvm.dll+0x20f8c1]
V  [jvm.dll+0x70de0f]
V  [jvm.dll+0x706a75]
V  [jvm.dll+0x60ed66]
C  [ucrtbase.dll+0x37b0]
C  [KERNEL32.DLL+0x2e8d7]
C  [ntdll.dll+0x8c53c]


---------------  P R O C E S S  ---------------

Threads class SMR info:
_java_thread_list=0x000001e54680de70, length=126, elements={
0x000001e528ea0800, 0x000001e543fe6000, 0x000001e543fe6800, 0x000001e544043800,
0x000001e544044800, 0x000001e544045000, 0x000001e544048000, 0x000001e544057800,
0x000001e54405b800, 0x000001e5441ef800, 0x000001e546970000, 0x000001e5442eb800,
0x000001e5463a3000, 0x000001e545b89800, 0x000001e5452d7000, 0x000001e54624e000,
0x000001e545ae3000, 0x000001e545280000, 0x000001e54527b000, 0x000001e545678800,
0x000001e545677800, 0x000001e545676000, 0x000001e545676800, 0x000001e54567a000,
0x000001e54567a800, 0x000001e54567b800, 0x000001e545679000, 0x000001e54567c800,
0x000001e544a74000, 0x000001e544a73000, 0x000001e544a71800, 0x000001e544a72000,
0x000001e544a78000, 0x000001e544a78800, 0x000001e544a76800, 0x000001e544a7c000,
0x000001e544a7a800, 0x000001e544a7b000, 0x000001e544a79800, 0x000001e544a7d000,
0x000001e544a7e800, 0x000001e544a7d800, 0x000001e544a80000, 0x000001e544a7f800,
0x000001e5444fc800, 0x000001e5444fa000, 0x000001e5444fb800, 0x000001e5444fd000,
0x000001e5444fa800, 0x000001e544500800, 0x000001e5444fe000, 0x000001e544501000,
0x000001e5444fe800, 0x000001e544502000, 0x000001e5444ff800, 0x000001e544503000,
0x000001e544504800, 0x000001e544505000, 0x000001e544506000, 0x000001e544503800,
0x000001e544507000, 0x000001e544508800, 0x000001e544507800, 0x000001e5479d3000,
0x000001e5479d5800, 0x000001e5479d4000, 0x000001e5479d7000, 0x000001e5479d6800,
0x000001e5479d4800, 0x000001e5479da800, 0x000001e5479d8000, 0x000001e5479d8800,
0x000001e5479dc000, 0x000001e5479db000, 0x000001e5479d9800, 0x000001e5479dd000,
0x000001e5479de800, 0x000001e5479df000, 0x000001e5479e0000, 0x000001e5479dd800,
0x000001e5479e1800, 0x000001e5479e1000, 0x000001e54a444000, 0x000001e54a441800,
0x000001e54a444800, 0x000001e54a443000, 0x000001e54a442800, 0x000001e54a445800,
0x000001e54a449000, 0x000001e54a446800, 0x000001e54a448000, 0x000001e54a449800,
0x000001e54a447000, 0x000001e54a44b000, 0x000001e54a44a800, 0x000001e54a44d800,
0x000001e54a44e800, 0x000001e54a44d000, 0x000001e54a44c000, 0x000001e54a44f800,
0x000001e54a450000, 0x000001e549f92000, 0x000001e549f93000, 0x000001e549f94000,
0x000001e549f91800, 0x000001e549f96800, 0x000001e549f97000, 0x000001e549f94800,
0x000001e549f98000, 0x000001e549f95800, 0x000001e549f9a800, 0x000001e549f99800,
0x000001e549f9b000, 0x000001e549f98800, 0x000001e549f9d000, 0x000001e549f9d800,
0x000001e549f9e800, 0x000001e549f9c000, 0x000001e549fa0000, 0x000001e549f9f000,
0x000001e54a187800, 0x000001e54a187000, 0x000001e54a189800, 0x000001e54a18a000,
0x000001e546abd800, 0x000001e54b43e000
}

Java Threads: ( => current thread )
  0x000001e528ea0800 JavaThread "main" [_thread_blocked, id=26788, stack(0x000000b049600000,0x000000b049700000)]
  0x000001e543fe6000 JavaThread "Reference Handler" daemon [_thread_blocked, id=26032, stack(0x000000b049d00000,0x000000b049e00000)]
  0x000001e543fe6800 JavaThread "Finalizer" daemon [_thread_blocked, id=16956, stack(0x000000b049e00000,0x000000b049f00000)]
  0x000001e544043800 JavaThread "Signal Dispatcher" daemon [_thread_blocked, id=8532, stack(0x000000b049f00000,0x000000b04a000000)]
  0x000001e544044800 JavaThread "Attach Listener" daemon [_thread_blocked, id=23148, stack(0x000000b04a000000,0x000000b04a100000)]
  0x000001e544045000 JavaThread "Service Thread" daemon [_thread_blocked, id=27476, stack(0x000000b04a100000,0x000000b04a200000)]
  0x000001e544048000 JavaThread "C2 CompilerThread0" daemon [_thread_in_native, id=6264, stack(0x000000b04a200000,0x000000b04a300000)]
  0x000001e544057800 JavaThread "C1 CompilerThread0" daemon [_thread_blocked, id=25152, stack(0x000000b04a300000,0x000000b04a400000)]
  0x000001e54405b800 JavaThread "Sweeper thread" daemon [_thread_blocked, id=15560, stack(0x000000b04a400000,0x000000b04a500000)]
  0x000001e5441ef800 JavaThread "Common-Cleaner" daemon [_thread_blocked, id=15668, stack(0x000000b04a500000,0x000000b04a600000)]
  0x000001e546970000 JavaThread "Daemon health stats" [_thread_blocked, id=20080, stack(0x000000b04ad00000,0x000000b04ae00000)]
  0x000001e5442eb800 JavaThread "Incoming local TCP Connector on port 53974" [_thread_in_native, id=18992, stack(0x000000b04a700000,0x000000b04a800000)]
  0x000001e5463a3000 JavaThread "Daemon periodic checks" [_thread_blocked, id=27172, stack(0x000000b04ac00000,0x000000b04ad00000)]
  0x000001e545b89800 JavaThread "Daemon" [_thread_blocked, id=2660, stack(0x000000b04ae00000,0x000000b04af00000)]
  0x000001e5452d7000 JavaThread "Handler for socket connection from /127.0.0.1:53974 to /127.0.0.1:53975" [_thread_in_native, id=18520, stack(0x000000b04af00000,0x000000b04b000000)]
  0x000001e54624e000 JavaThread "Cancel handler" [_thread_blocked, id=2768, stack(0x000000b04b000000,0x000000b04b100000)]
  0x000001e545ae3000 JavaThread "Daemon worker" [_thread_blocked, id=24620, stack(0x000000b04b100000,0x000000b04b200000)]
  0x000001e545280000 JavaThread "Asynchronous log dispatcher for DefaultDaemonConnection: socket connection from /127.0.0.1:53974 to /127.0.0.1:53975" [_thread_blocked, id=23008, stack(0x000000b04b200000,0x000000b04b300000)]
  0x000001e54527b000 JavaThread "Daemon client event forwarder" [_thread_blocked, id=25180, stack(0x000000b04b400000,0x000000b04b500000)]
  0x000001e545678800 JavaThread "Cache worker for journal cache (C:\Users\ELITEBOOK\.gradle\caches\journal-1)" [_thread_blocked, id=17308, stack(0x000000b04bc00000,0x000000b04bd00000)]
  0x000001e545677800 JavaThread "File lock request listener" [_thread_in_native, id=27316, stack(0x000000b04bd00000,0x000000b04be00000)]
  0x000001e545676000 JavaThread "Cache worker for file hash cache (C:\Users\ELITEBOOK\.gradle\caches\8.2.1\fileHashes)" [_thread_blocked, id=18936, stack(0x000000b04be00000,0x000000b04bf00000)]
  0x000001e545676800 JavaThread "File watcher server" daemon [_thread_in_native, id=15320, stack(0x000000b04c000000,0x000000b04c100000)]
  0x000001e54567a000 JavaThread "File watcher consumer" daemon [_thread_blocked, id=9608, stack(0x000000b04c100000,0x000000b04c200000)]
  0x000001e54567a800 JavaThread "Cache worker for checksums cache (C:\Users\ELITEBOOK\AndroidStudioProjects\projetmobile\.gradle\8.2.1\checksums)" [_thread_blocked, id=24804, stack(0x000000b04c200000,0x000000b04c300000)]
  0x000001e54567b800 JavaThread "Cache worker for cache directory md-rule (C:\Users\ELITEBOOK\.gradle\caches\8.2.1\md-rule)" [_thread_blocked, id=2132, stack(0x000000b04c300000,0x000000b04c400000)]
  0x000001e545679000 JavaThread "Cache worker for file content cache (C:\Users\ELITEBOOK\.gradle\caches\8.2.1\fileContent)" [_thread_blocked, id=13920, stack(0x000000b04c400000,0x000000b04c500000)]
  0x000001e54567c800 JavaThread "Cache worker for file hash cache (C:\Users\ELITEBOOK\AndroidStudioProjects\projetmobile\.gradle\8.2.1\fileHashes)" [_thread_blocked, id=14172, stack(0x000000b04bf00000,0x000000b04c000000)]
  0x000001e544a74000 JavaThread "Cache worker for cache directory md-supplier (C:\Users\ELITEBOOK\.gradle\caches\8.2.1\md-supplier)" [_thread_blocked, id=24236, stack(0x000000b04c500000,0x000000b04c600000)]
  0x000001e544a73000 JavaThread "Cache worker for execution history cache (C:\Users\ELITEBOOK\.gradle\caches\8.2.1\executionHistory)" [_thread_blocked, id=13252, stack(0x000000b04c600000,0x000000b04c700000)]
  0x000001e544a71800 JavaThread "File lock release action executor" [_thread_blocked, id=1468, stack(0x000000b04c900000,0x000000b04ca00000)]
  0x000001e544a72000 JavaThread "jar transforms" [_thread_blocked, id=13736, stack(0x000000b04ca00000,0x000000b04cb00000)]
  0x000001e544a78000 JavaThread "jar transforms Thread 2" [_thread_in_Java, id=17588, stack(0x000000b04cb00000,0x000000b04cc00000)]
  0x000001e544a78800 JavaThread "Cache worker for dependencies-accessors (C:\Users\ELITEBOOK\AndroidStudioProjects\projetmobile\.gradle\8.2.1\dependencies-accessors)" [_thread_blocked, id=7620, stack(0x000000b04cc00000,0x000000b04cd00000)]
  0x000001e544a76800 JavaThread "jar transforms Thread 3" [_thread_in_vm, id=15420, stack(0x000000b04c700000,0x000000b04c800000)]
  0x000001e544a7c000 JavaThread "Cache worker for Build Output Cleanup Cache (C:\Users\ELITEBOOK\AndroidStudioProjects\projetmobile\.gradle\buildOutputCleanup)" [_thread_blocked, id=23736, stack(0x000000b04c800000,0x000000b04c900000)]
  0x000001e544a7a800 JavaThread "Unconstrained build operations" [_thread_blocked, id=23512, stack(0x000000b04cd00000,0x000000b04ce00000)]
  0x000001e544a7b000 JavaThread "Unconstrained build operations Thread 2" [_thread_blocked, id=23504, stack(0x000000b04cf00000,0x000000b04d000000)]
  0x000001e544a79800 JavaThread "Unconstrained build operations Thread 3" [_thread_blocked, id=6952, stack(0x000000b04d000000,0x000000b04d100000)]
  0x000001e544a7d000 JavaThread "Unconstrained build operations Thread 4" [_thread_blocked, id=16160, stack(0x000000b04d100000,0x000000b04d200000)]
  0x000001e544a7e800 JavaThread "Unconstrained build operations Thread 5" [_thread_blocked, id=12592, stack(0x000000b04d200000,0x000000b04d300000)]
  0x000001e544a7d800 JavaThread "Unconstrained build operations Thread 6" [_thread_blocked, id=20800, stack(0x000000b04d300000,0x000000b04d400000)]
  0x000001e544a80000 JavaThread "Unconstrained build operations Thread 7" [_thread_blocked, id=24500, stack(0x000000b04d400000,0x000000b04d500000)]
  0x000001e544a7f800 JavaThread "Unconstrained build operations Thread 8" [_thread_blocked, id=23352, stack(0x000000b04d500000,0x000000b04d600000)]
  0x000001e5444fc800 JavaThread "Unconstrained build operations Thread 9" [_thread_blocked, id=25564, stack(0x000000b04d600000,0x000000b04d700000)]
  0x000001e5444fa000 JavaThread "Unconstrained build operations Thread 10" [_thread_blocked, id=24432, stack(0x000000b04d700000,0x000000b04d800000)]
  0x000001e5444fb800 JavaThread "Unconstrained build operations Thread 11" [_thread_blocked, id=15852, stack(0x000000b04d800000,0x000000b04d900000)]
  0x000001e5444fd000 JavaThread "Unconstrained build operations Thread 12" [_thread_blocked, id=16344, stack(0x000000b04d900000,0x000000b04da00000)]
  0x000001e5444fa800 JavaThread "Unconstrained build operations Thread 13" [_thread_blocked, id=10276, stack(0x000000b04da00000,0x000000b04db00000)]
  0x000001e544500800 JavaThread "Unconstrained build operations Thread 14" [_thread_blocked, id=5180, stack(0x000000b04df00000,0x000000b04e000000)]
  0x000001e5444fe000 JavaThread "Unconstrained build operations Thread 15" [_thread_blocked, id=26192, stack(0x000000b04e000000,0x000000b04e100000)]
  0x000001e544501000 JavaThread "Unconstrained build operations Thread 16" [_thread_blocked, id=12420, stack(0x000000b04db00000,0x000000b04dc00000)]
  0x000001e5444fe800 JavaThread "Unconstrained build operations Thread 17" [_thread_blocked, id=8952, stack(0x000000b04dc00000,0x000000b04dd00000)]
  0x000001e544502000 JavaThread "Unconstrained build operations Thread 18" [_thread_blocked, id=19888, stack(0x000000b04e100000,0x000000b04e200000)]
  0x000001e5444ff800 JavaThread "Unconstrained build operations Thread 19" [_thread_blocked, id=10308, stack(0x000000b04e200000,0x000000b04e300000)]
  0x000001e544503000 JavaThread "Unconstrained build operations Thread 20" [_thread_blocked, id=17004, stack(0x000000b04e300000,0x000000b04e400000)]
  0x000001e544504800 JavaThread "Unconstrained build operations Thread 21" [_thread_blocked, id=11280, stack(0x000000b04e400000,0x000000b04e500000)]
  0x000001e544505000 JavaThread "Unconstrained build operations Thread 22" [_thread_blocked, id=24604, stack(0x000000b04e500000,0x000000b04e600000)]
  0x000001e544506000 JavaThread "Unconstrained build operations Thread 23" [_thread_blocked, id=13776, stack(0x000000b04e600000,0x000000b04e700000)]
  0x000001e544503800 JavaThread "Unconstrained build operations Thread 24" [_thread_blocked, id=14664, stack(0x000000b04e700000,0x000000b04e800000)]
  0x000001e544507000 JavaThread "Unconstrained build operations Thread 25" [_thread_blocked, id=22400, stack(0x000000b04e800000,0x000000b04e900000)]
  0x000001e544508800 JavaThread "Unconstrained build operations Thread 26" [_thread_blocked, id=23788, stack(0x000000b04ea00000,0x000000b04eb00000)]
  0x000001e544507800 JavaThread "Unconstrained build operations Thread 27" [_thread_blocked, id=26068, stack(0x000000b04eb00000,0x000000b04ec00000)]
  0x000001e5479d3000 JavaThread "Unconstrained build operations Thread 28" [_thread_blocked, id=25156, stack(0x000000b04e900000,0x000000b04ea00000)]
  0x000001e5479d5800 JavaThread "Unconstrained build operations Thread 29" [_thread_blocked, id=13620, stack(0x000000b04ec00000,0x000000b04ed00000)]
  0x000001e5479d4000 JavaThread "Unconstrained build operations Thread 30" [_thread_blocked, id=18512, stack(0x000000b04ed00000,0x000000b04ee00000)]
  0x000001e5479d7000 JavaThread "Unconstrained build operations Thread 31" [_thread_blocked, id=24652, stack(0x000000b04ee00000,0x000000b04ef00000)]
  0x000001e5479d6800 JavaThread "Unconstrained build operations Thread 32" [_thread_blocked, id=3740, stack(0x000000b04ef00000,0x000000b04f000000)]
  0x000001e5479d4800 JavaThread "Unconstrained build operations Thread 33" [_thread_blocked, id=23604, stack(0x000000b04f000000,0x000000b04f100000)]
  0x000001e5479da800 JavaThread "Unconstrained build operations Thread 34" [_thread_blocked, id=18556, stack(0x000000b04f100000,0x000000b04f200000)]
  0x000001e5479d8000 JavaThread "Unconstrained build operations Thread 35" [_thread_blocked, id=22988, stack(0x000000b04f200000,0x000000b04f300000)]
  0x000001e5479d8800 JavaThread "Unconstrained build operations Thread 36" [_thread_blocked, id=8156, stack(0x000000b04f300000,0x000000b04f400000)]
  0x000001e5479dc000 JavaThread "Unconstrained build operations Thread 37" [_thread_blocked, id=12768, stack(0x000000b04f400000,0x000000b04f500000)]
  0x000001e5479db000 JavaThread "Unconstrained build operations Thread 38" [_thread_blocked, id=24152, stack(0x000000b04f500000,0x000000b04f600000)]
  0x000001e5479d9800 JavaThread "Unconstrained build operations Thread 39" [_thread_blocked, id=25528, stack(0x000000b04f600000,0x000000b04f700000)]
  0x000001e5479dd000 JavaThread "Unconstrained build operations Thread 40" [_thread_blocked, id=13196, stack(0x000000b04f700000,0x000000b04f800000)]
  0x000001e5479de800 JavaThread "Unconstrained build operations Thread 41" [_thread_blocked, id=9044, stack(0x000000b04f800000,0x000000b04f900000)]
  0x000001e5479df000 JavaThread "Unconstrained build operations Thread 42" [_thread_blocked, id=26912, stack(0x000000b04f900000,0x000000b04fa00000)]
  0x000001e5479e0000 JavaThread "Unconstrained build operations Thread 43" [_thread_blocked, id=2916, stack(0x000000b04fa00000,0x000000b04fb00000)]
  0x000001e5479dd800 JavaThread "Unconstrained build operations Thread 44" [_thread_blocked, id=10272, stack(0x000000b04fb00000,0x000000b04fc00000)]
  0x000001e5479e1800 JavaThread "Unconstrained build operations Thread 45" [_thread_blocked, id=26976, stack(0x000000b04fc00000,0x000000b04fd00000)]
  0x000001e5479e1000 JavaThread "Unconstrained build operations Thread 46" [_thread_blocked, id=26604, stack(0x000000b04fd00000,0x000000b04fe00000)]
  0x000001e54a444000 JavaThread "Unconstrained build operations Thread 47" [_thread_blocked, id=27276, stack(0x000000b04fe00000,0x000000b04ff00000)]
  0x000001e54a441800 JavaThread "Unconstrained build operations Thread 48" [_thread_blocked, id=11140, stack(0x000000b04ff00000,0x000000b050000000)]
  0x000001e54a444800 JavaThread "Unconstrained build operations Thread 49" [_thread_blocked, id=19800, stack(0x000000b050000000,0x000000b050100000)]
  0x000001e54a443000 JavaThread "Unconstrained build operations Thread 50" [_thread_blocked, id=21308, stack(0x000000b050100000,0x000000b050200000)]
  0x000001e54a442800 JavaThread "Unconstrained build operations Thread 51" [_thread_blocked, id=5884, stack(0x000000b050200000,0x000000b050300000)]
  0x000001e54a445800 JavaThread "Unconstrained build operations Thread 52" [_thread_blocked, id=23852, stack(0x000000b050300000,0x000000b050400000)]
  0x000001e54a449000 JavaThread "Unconstrained build operations Thread 53" [_thread_blocked, id=1020, stack(0x000000b050500000,0x000000b050600000)]
  0x000001e54a446800 JavaThread "Unconstrained build operations Thread 54" [_thread_blocked, id=27504, stack(0x000000b050600000,0x000000b050700000)]
  0x000001e54a448000 JavaThread "Unconstrained build operations Thread 55" [_thread_blocked, id=24904, stack(0x000000b050400000,0x000000b050500000)]
  0x000001e54a449800 JavaThread "Unconstrained build operations Thread 56" [_thread_blocked, id=15452, stack(0x000000b050700000,0x000000b050800000)]
  0x000001e54a447000 JavaThread "Unconstrained build operations Thread 57" [_thread_blocked, id=14512, stack(0x000000b050800000,0x000000b050900000)]
  0x000001e54a44b000 JavaThread "Unconstrained build operations Thread 58" [_thread_blocked, id=8844, stack(0x000000b050900000,0x000000b050a00000)]
  0x000001e54a44a800 JavaThread "Unconstrained build operations Thread 59" [_thread_blocked, id=7236, stack(0x000000b050a00000,0x000000b050b00000)]
  0x000001e54a44d800 JavaThread "Unconstrained build operations Thread 60" [_thread_blocked, id=19840, stack(0x000000b050b00000,0x000000b050c00000)]
  0x000001e54a44e800 JavaThread "Unconstrained build operations Thread 61" [_thread_blocked, id=18900, stack(0x000000b050c00000,0x000000b050d00000)]
  0x000001e54a44d000 JavaThread "Unconstrained build operations Thread 62" [_thread_blocked, id=18772, stack(0x000000b050d00000,0x000000b050e00000)]
  0x000001e54a44c000 JavaThread "Unconstrained build operations Thread 63" [_thread_blocked, id=26380, stack(0x000000b050e00000,0x000000b050f00000)]
  0x000001e54a44f800 JavaThread "Unconstrained build operations Thread 64" [_thread_blocked, id=13188, stack(0x000000b050f00000,0x000000b051000000)]
  0x000001e54a450000 JavaThread "Unconstrained build operations Thread 65" [_thread_blocked, id=6016, stack(0x000000b051000000,0x000000b051100000)]
  0x000001e549f92000 JavaThread "Unconstrained build operations Thread 66" [_thread_blocked, id=6068, stack(0x000000b051100000,0x000000b051200000)]
  0x000001e549f93000 JavaThread "Unconstrained build operations Thread 67" [_thread_blocked, id=20016, stack(0x000000b051200000,0x000000b051300000)]
  0x000001e549f94000 JavaThread "Unconstrained build operations Thread 68" [_thread_blocked, id=26488, stack(0x000000b051300000,0x000000b051400000)]
  0x000001e549f91800 JavaThread "Unconstrained build operations Thread 69" [_thread_blocked, id=12396, stack(0x000000b051400000,0x000000b051500000)]
  0x000001e549f96800 JavaThread "Unconstrained build operations Thread 70" [_thread_blocked, id=19592, stack(0x000000b051500000,0x000000b051600000)]
  0x000001e549f97000 JavaThread "Unconstrained build operations Thread 71" [_thread_blocked, id=7532, stack(0x000000b051600000,0x000000b051700000)]
  0x000001e549f94800 JavaThread "Unconstrained build operations Thread 72" [_thread_blocked, id=2472, stack(0x000000b051700000,0x000000b051800000)]
  0x000001e549f98000 JavaThread "Unconstrained build operations Thread 73" [_thread_blocked, id=27528, stack(0x000000b051800000,0x000000b051900000)]
  0x000001e549f95800 JavaThread "Unconstrained build operations Thread 74" [_thread_blocked, id=25016, stack(0x000000b051900000,0x000000b051a00000)]
  0x000001e549f9a800 JavaThread "Unconstrained build operations Thread 75" [_thread_blocked, id=19680, stack(0x000000b051a00000,0x000000b051b00000)]
  0x000001e549f99800 JavaThread "Unconstrained build operations Thread 76" [_thread_blocked, id=27052, stack(0x000000b051b00000,0x000000b051c00000)]
  0x000001e549f9b000 JavaThread "Unconstrained build operations Thread 77" [_thread_blocked, id=26260, stack(0x000000b051c00000,0x000000b051d00000)]
  0x000001e549f98800 JavaThread "Unconstrained build operations Thread 78" [_thread_blocked, id=14772, stack(0x000000b051d00000,0x000000b051e00000)]
  0x000001e549f9d000 JavaThread "Unconstrained build operations Thread 79" [_thread_blocked, id=24696, stack(0x000000b051e00000,0x000000b051f00000)]
  0x000001e549f9d800 JavaThread "jar transforms Thread 4" [_thread_blocked, id=24180, stack(0x000000b052000000,0x000000b052100000)]
  0x000001e549f9e800 JavaThread "jar transforms Thread 5" [_thread_in_native, id=9056, stack(0x000000b052100000,0x000000b052200000)]
  0x000001e549f9c000 JavaThread "jar transforms Thread 6" [_thread_blocked, id=27440, stack(0x000000b052200000,0x000000b052300000)]
  0x000001e549fa0000 JavaThread "jar transforms Thread 7" [_thread_in_Java, id=23656, stack(0x000000b052300000,0x000000b052400000)]
  0x000001e549f9f000 JavaThread "jar transforms Thread 8" [_thread_blocked, id=23172, stack(0x000000b052400000,0x000000b052500000)]
  0x000001e54a187800 JavaThread "jar transforms Thread 9" [_thread_blocked, id=23768, stack(0x000000b052500000,0x000000b052600000)]
  0x000001e54a187000 JavaThread "jar transforms Thread 10" [_thread_in_Java, id=26196, stack(0x000000b052600000,0x000000b052700000)]
  0x000001e54a189800 JavaThread "jar transforms Thread 11" [_thread_blocked, id=17460, stack(0x000000b052700000,0x000000b052800000)]
  0x000001e54a18a000 JavaThread "jar transforms Thread 12" [_thread_blocked, id=14672, stack(0x000000b052800000,0x000000b052900000)]
=>0x000001e546abd800 JavaThread "C2 CompilerThread1" daemon [_thread_in_native, id=18652, stack(0x000000b049300000,0x000000b049400000)]
  0x000001e54b43e000 JavaThread "C2 CompilerThread2" daemon [_thread_in_native, id=13504, stack(0x000000b049400000,0x000000b049500000)]

Other Threads:
  0x000001e543fe4000 VMThread "VM Thread" [stack: 0x000000b049c00000,0x000000b049d00000] [id=16220]
  0x000001e5442b6000 WatcherThread [stack: 0x000000b04a600000,0x000000b04a700000] [id=7144]
  0x000001e528eb9000 GCTaskThread "GC Thread#0" [stack: 0x000000b049700000,0x000000b049800000] [id=15160]
  0x000001e545072000 GCTaskThread "GC Thread#1" [stack: 0x000000b04a800000,0x000000b04a900000] [id=16608]
  0x000001e5450df800 GCTaskThread "GC Thread#2" [stack: 0x000000b04a900000,0x000000b04aa00000] [id=24956]
  0x000001e5451ed000 GCTaskThread "GC Thread#3" [stack: 0x000000b04aa00000,0x000000b04ab00000] [id=8968]
  0x000001e5451ee000 GCTaskThread "GC Thread#4" [stack: 0x000000b04ab00000,0x000000b04ac00000] [id=14000]
  0x000001e546382800 GCTaskThread "GC Thread#5" [stack: 0x000000b04b500000,0x000000b04b600000] [id=23792]
  0x000001e5442b0000 GCTaskThread "GC Thread#6" [stack: 0x000000b04b600000,0x000000b04b700000] [id=1480]
  0x000001e54675b800 GCTaskThread "GC Thread#7" [stack: 0x000000b04b700000,0x000000b04b800000] [id=14028]
  0x000001e54675c000 GCTaskThread "GC Thread#8" [stack: 0x000000b04b800000,0x000000b04b900000] [id=8612]
  0x000001e5467bc000 GCTaskThread "GC Thread#9" [stack: 0x000000b04b900000,0x000000b04ba00000] [id=16204]
  0x000001e528eed000 ConcurrentGCThread "G1 Main Marker" [stack: 0x000000b049800000,0x000000b049900000] [id=13612]
  0x000001e528eef000 ConcurrentGCThread "G1 Conc#0" [stack: 0x000000b049900000,0x000000b049a00000] [id=22748]
  0x000001e5453a7800 ConcurrentGCThread "G1 Conc#1" [stack: 0x000000b04ba00000,0x000000b04bb00000] [id=12776]
  0x000001e544a2d000 ConcurrentGCThread "G1 Conc#2" [stack: 0x000000b04bb00000,0x000000b04bc00000] [id=20516]
  0x000001e528ef3800 ConcurrentGCThread "G1 Refine#0" [stack: 0x000000b049a00000,0x000000b049b00000] [id=24168]
  0x000001e543631000 ConcurrentGCThread "G1 Young RemSet Sampling" [stack: 0x000000b049b00000,0x000000b049c00000] [id=10448]

Threads with active compile tasks:
C2 CompilerThread0  66914 10677       4       org.objectweb.asm.ClassReader::readMethod (1066 bytes)
C2 CompilerThread1  66914 10364       4       org.objectweb.asm.SymbolTable::addConstant (330 bytes)
C2 CompilerThread2  66914 10640       4       org.objectweb.asm.ClassReader::readCode (5109 bytes)

VM state:not at safepoint (normal execution)

VM Mutex/Monitor currently owned by a thread: None

Heap address: 0x0000000080000000, size: 2048 MB, Compressed Oops mode: 32-bit
Narrow klass base: 0x0000000000000000, Narrow klass shift: 3
Compressed class space size: 1073741824 Address: 0x0000000100000000

Heap:
 garbage-first heap   total 303104K, used 166254K [0x0000000080000000, 0x0000000100000000)
  region size 1024K, 117 young (119808K), 9 survivors (9216K)
 Metaspace       used 68847K, capacity 70560K, committed 70704K, reserved 1112064K
  class space    used 8434K, capacity 9086K, committed 9088K, reserved 1048576K
Heap Regions: E=young(eden), S=young(survivor), O=old, HS=humongous(starts), HC=humongous(continues), CS=collection set, F=free, A=archive, TAMS=top-at-mark-start (previous, next)
|   0|0x0000000080000000, 0x0000000080100000, 0x0000000080100000|100%|HS|  |TAMS 0x0000000080100000, 0x0000000080000000| Complete 
|   1|0x0000000080100000, 0x0000000080200000, 0x0000000080200000|100%|HC|  |TAMS 0x0000000080200000, 0x0000000080100000| Complete 
|   2|0x0000000080200000, 0x0000000080300000, 0x0000000080300000|100%|HC|  |TAMS 0x0000000080300000, 0x0000000080200000| Complete 
|   3|0x0000000080300000, 0x0000000080400000, 0x0000000080400000|100%|HC|  |TAMS 0x0000000080400000, 0x0000000080300000| Complete 
|   4|0x0000000080400000, 0x0000000080500000, 0x0000000080500000|100%| O|  |TAMS 0x0000000080500000, 0x0000000080400000| Untracked 
|   5|0x0000000080500000, 0x0000000080600000, 0x0000000080600000|100%| O|  |TAMS 0x0000000080600000, 0x0000000080500000| Untracked 
|   6|0x0000000080600000, 0x0000000080700000, 0x0000000080700000|100%| O|  |TAMS 0x0000000080700000, 0x0000000080600000| Untracked 
|   7|0x0000000080700000, 0x0000000080800000, 0x0000000080800000|100%| O|  |TAMS 0x0000000080800000, 0x0000000080700000| Untracked 
|   8|0x0000000080800000, 0x0000000080900000, 0x0000000080900000|100%| O|  |TAMS 0x0000000080900000, 0x0000000080800000| Untracked 
|   9|0x0000000080900000, 0x0000000080a00000, 0x0000000080a00000|100%| O|  |TAMS 0x0000000080a00000, 0x0000000080900000| Untracked 
|  10|0x0000000080a00000, 0x0000000080b00000, 0x0000000080b00000|100%| O|  |TAMS 0x0000000080b00000, 0x0000000080a00000| Untracked 
|  11|0x0000000080b00000, 0x0000000080c00000, 0x0000000080c00000|100%| O|  |TAMS 0x0000000080c00000, 0x0000000080b00000| Untracked 
|  12|0x0000000080c00000, 0x0000000080d00000, 0x0000000080d00000|100%| O|  |TAMS 0x0000000080d00000, 0x0000000080c00000| Untracked 
|  13|0x0000000080d00000, 0x0000000080e00000, 0x0000000080e00000|100%| O|  |TAMS 0x0000000080e00000, 0x0000000080d00000| Untracked 
|  14|0x0000000080e00000, 0x0000000080f00000, 0x0000000080f00000|100%| O|  |TAMS 0x0000000080f00000, 0x0000000080e00000| Untracked 
|  15|0x0000000080f00000, 0x0000000081000000, 0x0000000081000000|100%| O|  |TAMS 0x0000000081000000, 0x0000000080f00000| Untracked 
|  16|0x0000000081000000, 0x0000000081100000, 0x0000000081100000|100%| O|  |TAMS 0x0000000081100000, 0x0000000081000000| Untracked 
|  17|0x0000000081100000, 0x0000000081200000, 0x0000000081200000|100%| O|  |TAMS 0x0000000081200000, 0x0000000081100000| Untracked 
|  18|0x0000000081200000, 0x0000000081300000, 0x0000000081300000|100%| O|  |TAMS 0x0000000081200000, 0x0000000081200000| Untracked 
|  19|0x0000000081300000, 0x0000000081400000, 0x0000000081400000|100%| O|  |TAMS 0x0000000081300000, 0x0000000081300000| Untracked 
|  20|0x0000000081400000, 0x0000000081500000, 0x0000000081500000|100%| O|  |TAMS 0x0000000081500000, 0x0000000081400000| Untracked 
|  21|0x0000000081500000, 0x0000000081600000, 0x0000000081600000|100%| O|  |TAMS 0x0000000081600000, 0x0000000081500000| Untracked 
|  22|0x0000000081600000, 0x0000000081700000, 0x0000000081700000|100%| O|  |TAMS 0x0000000081700000, 0x0000000081600000| Untracked 
|  23|0x0000000081700000, 0x0000000081800000, 0x0000000081800000|100%| O|  |TAMS 0x0000000081800000, 0x0000000081700000| Untracked 
|  24|0x0000000081800000, 0x0000000081900000, 0x0000000081900000|100%| O|  |TAMS 0x00000000818a7400, 0x0000000081800000| Untracked 
|  25|0x0000000081900000, 0x0000000081a00000, 0x0000000081a00000|100%| O|  |TAMS 0x0000000081900000, 0x0000000081900000| Untracked 
|  26|0x0000000081a00000, 0x0000000081b00000, 0x0000000081b00000|100%| O|  |TAMS 0x0000000081a00000, 0x0000000081a00000| Untracked 
|  27|0x0000000081b00000, 0x0000000081c00000, 0x0000000081c00000|100%| O|  |TAMS 0x0000000081b00000, 0x0000000081b00000| Untracked 
|  28|0x0000000081c00000, 0x0000000081d00000, 0x0000000081d00000|100%| O|  |TAMS 0x0000000081c00000, 0x0000000081c00000| Untracked 
|  29|0x0000000081d00000, 0x0000000081e00000, 0x0000000081e00000|100%| O|  |TAMS 0x0000000081d00000, 0x0000000081d00000| Untracked 
|  30|0x0000000081e00000, 0x0000000081f00000, 0x0000000081f00000|100%| O|  |TAMS 0x0000000081e00000, 0x0000000081e00000| Untracked 
|  31|0x0000000081f00000, 0x0000000082000000, 0x0000000082000000|100%| O|  |TAMS 0x0000000081f00000, 0x0000000081f00000| Untracked 
|  32|0x0000000082000000, 0x0000000082100000, 0x0000000082100000|100%|HS|  |TAMS 0x0000000082000000, 0x0000000082000000| Complete 
|  33|0x0000000082100000, 0x0000000082200000, 0x0000000082200000|100%|HS|  |TAMS 0x0000000082100000, 0x0000000082100000| Complete 
|  34|0x0000000082200000, 0x0000000082300000, 0x0000000082300000|100%|HS|  |TAMS 0x0000000082200000, 0x0000000082200000| Complete 
|  35|0x0000000082300000, 0x0000000082400000, 0x0000000082400000|100%| O|  |TAMS 0x0000000082300000, 0x0000000082300000| Untracked 
|  36|0x0000000082400000, 0x0000000082500000, 0x0000000082500000|100%| O|  |TAMS 0x0000000082400000, 0x0000000082400000| Untracked 
|  37|0x0000000082500000, 0x0000000082600000, 0x0000000082600000|100%| O|  |TAMS 0x0000000082500000, 0x0000000082500000| Untracked 
|  38|0x0000000082600000, 0x0000000082700000, 0x0000000082700000|100%| O|  |TAMS 0x0000000082600000, 0x0000000082600000| Untracked 
|  39|0x0000000082700000, 0x0000000082800000, 0x0000000082800000|100%| O|  |TAMS 0x0000000082700000, 0x0000000082700000| Untracked 
|  40|0x0000000082800000, 0x0000000082900000, 0x0000000082900000|100%| O|  |TAMS 0x0000000082800000, 0x0000000082800000| Untracked 
|  41|0x0000000082900000, 0x0000000082a00000, 0x0000000082a00000|100%| O|  |TAMS 0x0000000082900000, 0x0000000082900000| Untracked 
|  42|0x0000000082a00000, 0x0000000082b00000, 0x0000000082b00000|100%| O|  |TAMS 0x0000000082a00000, 0x0000000082a00000| Untracked 
|  43|0x0000000082b00000, 0x0000000082b94a00, 0x0000000082c00000| 58%| O|  |TAMS 0x0000000082b00000, 0x0000000082b00000| Untracked 
|  44|0x0000000082c00000, 0x0000000082d00000, 0x0000000082d00000|100%| O|  |TAMS 0x0000000082c00000, 0x0000000082c00000| Untracked 
|  45|0x0000000082d00000, 0x0000000082e00000, 0x0000000082e00000|100%| O|  |TAMS 0x0000000082d00000, 0x0000000082d00000| Untracked 
|  46|0x0000000082e00000, 0x0000000082f00000, 0x0000000082f00000|100%| O|  |TAMS 0x0000000082e00000, 0x0000000082e00000| Untracked 
|  47|0x0000000082f00000, 0x0000000082f00000, 0x0000000083000000|  0%| F|  |TAMS 0x0000000082f00000, 0x0000000082f00000| Untracked 
|  48|0x0000000083000000, 0x0000000083100000, 0x0000000083100000|100%| O|  |TAMS 0x0000000083000000, 0x0000000083000000| Untracked 
|  49|0x0000000083100000, 0x0000000083100000, 0x0000000083200000|  0%| F|  |TAMS 0x0000000083100000, 0x0000000083100000| Untracked 
|  50|0x0000000083200000, 0x0000000083200000, 0x0000000083300000|  0%| F|  |TAMS 0x0000000083200000, 0x0000000083200000| Untracked 
|  51|0x0000000083300000, 0x0000000083300000, 0x0000000083400000|  0%| F|  |TAMS 0x0000000083300000, 0x0000000083300000| Untracked 
|  52|0x0000000083400000, 0x0000000083400000, 0x0000000083500000|  0%| F|  |TAMS 0x0000000083400000, 0x0000000083400000| Untracked 
|  53|0x0000000083500000, 0x0000000083500000, 0x0000000083600000|  0%| F|  |TAMS 0x0000000083500000, 0x0000000083500000| Untracked 
|  54|0x0000000083600000, 0x0000000083600000, 0x0000000083700000|  0%| F|  |TAMS 0x0000000083600000, 0x0000000083600000| Untracked 
|  55|0x0000000083700000, 0x0000000083700000, 0x0000000083800000|  0%| F|  |TAMS 0x0000000083700000, 0x0000000083700000| Untracked 
|  56|0x0000000083800000, 0x0000000083800000, 0x0000000083900000|  0%| F|  |TAMS 0x0000000083800000, 0x0000000083800000| Untracked 
|  57|0x0000000083900000, 0x0000000083900000, 0x0000000083a00000|  0%| F|  |TAMS 0x0000000083900000, 0x0000000083900000| Untracked 
|  58|0x0000000083a00000, 0x0000000083a00000, 0x0000000083b00000|  0%| F|  |TAMS 0x0000000083a00000, 0x0000000083a00000| Untracked 
|  59|0x0000000083b00000, 0x0000000083b00000, 0x0000000083c00000|  0%| F|  |TAMS 0x0000000083b00000, 0x0000000083b00000| Untracked 
|  60|0x0000000083c00000, 0x0000000083c00000, 0x0000000083d00000|  0%| F|  |TAMS 0x0000000083c00000, 0x0000000083c00000| Untracked 
|  61|0x0000000083d00000, 0x0000000083d00000, 0x0000000083e00000|  0%| F|  |TAMS 0x0000000083d00000, 0x0000000083d00000| Untracked 
|  62|0x0000000083e00000, 0x0000000083e00000, 0x0000000083f00000|  0%| F|  |TAMS 0x0000000083e00000, 0x0000000083e00000| Untracked 
|  63|0x0000000083f00000, 0x0000000083f00000, 0x0000000084000000|  0%| F|  |TAMS 0x0000000083f00000, 0x0000000083f00000| Untracked 
|  64|0x0000000084000000, 0x0000000084000000, 0x0000000084100000|  0%| F|  |TAMS 0x0000000084000000, 0x0000000084000000| Untracked 
|  65|0x0000000084100000, 0x0000000084100000, 0x0000000084200000|  0%| F|  |TAMS 0x0000000084100000, 0x0000000084100000| Untracked 
|  66|0x0000000084200000, 0x0000000084200000, 0x0000000084300000|  0%| F|  |TAMS 0x0000000084200000, 0x0000000084200000| Untracked 
|  67|0x0000000084300000, 0x0000000084300000, 0x0000000084400000|  0%| F|  |TAMS 0x0000000084300000, 0x0000000084300000| Untracked 
|  68|0x0000000084400000, 0x0000000084400000, 0x0000000084500000|  0%| F|  |TAMS 0x0000000084400000, 0x0000000084400000| Untracked 
|  69|0x0000000084500000, 0x0000000084500000, 0x0000000084600000|  0%| F|  |TAMS 0x0000000084500000, 0x0000000084500000| Untracked 
|  70|0x0000000084600000, 0x0000000084600000, 0x0000000084700000|  0%| F|  |TAMS 0x0000000084600000, 0x0000000084600000| Untracked 
|  71|0x0000000084700000, 0x0000000084700000, 0x0000000084800000|  0%| F|  |TAMS 0x0000000084700000, 0x0000000084700000| Untracked 
|  72|0x0000000084800000, 0x0000000084800000, 0x0000000084900000|  0%| F|  |TAMS 0x0000000084800000, 0x0000000084800000| Untracked 
|  73|0x0000000084900000, 0x0000000084900000, 0x0000000084a00000|  0%| F|  |TAMS 0x0000000084900000, 0x0000000084900000| Untracked 
|  74|0x0000000084a00000, 0x0000000084a00000, 0x0000000084b00000|  0%| F|  |TAMS 0x0000000084a00000, 0x0000000084a00000| Untracked 
|  75|0x0000000084b00000, 0x0000000084b00000, 0x0000000084c00000|  0%| F|  |TAMS 0x0000000084b00000, 0x0000000084b00000| Untracked 
|  76|0x0000000084c00000, 0x0000000084c00000, 0x0000000084d00000|  0%| F|  |TAMS 0x0000000084c00000, 0x0000000084c00000| Untracked 
|  77|0x0000000084d00000, 0x0000000084d00000, 0x0000000084e00000|  0%| F|  |TAMS 0x0000000084d00000, 0x0000000084d00000| Untracked 
|  78|0x0000000084e00000, 0x0000000084e00000, 0x0000000084f00000|  0%| F|  |TAMS 0x0000000084e00000, 0x0000000084e00000| Untracked 
|  79|0x0000000084f00000, 0x0000000084f00000, 0x0000000085000000|  0%| F|  |TAMS 0x0000000084f00000, 0x0000000084f00000| Untracked 
|  80|0x0000000085000000, 0x0000000085000000, 0x0000000085100000|  0%| F|  |TAMS 0x0000000085000000, 0x0000000085000000| Untracked 
|  81|0x0000000085100000, 0x0000000085100000, 0x0000000085200000|  0%| F|  |TAMS 0x0000000085100000, 0x0000000085100000| Untracked 
|  82|0x0000000085200000, 0x0000000085200000, 0x0000000085300000|  0%| F|  |TAMS 0x0000000085200000, 0x0000000085200000| Untracked 
|  83|0x0000000085300000, 0x0000000085300000, 0x0000000085400000|  0%| F|  |TAMS 0x0000000085300000, 0x0000000085300000| Untracked 
|  84|0x0000000085400000, 0x0000000085400000, 0x0000000085500000|  0%| F|  |TAMS 0x0000000085400000, 0x0000000085400000| Untracked 
|  85|0x0000000085500000, 0x0000000085500000, 0x0000000085600000|  0%| F|  |TAMS 0x0000000085500000, 0x0000000085500000| Untracked 
|  86|0x0000000085600000, 0x0000000085600000, 0x0000000085700000|  0%| F|  |TAMS 0x0000000085600000, 0x0000000085600000| Untracked 
|  87|0x0000000085700000, 0x0000000085700000, 0x0000000085800000|  0%| F|  |TAMS 0x0000000085700000, 0x0000000085700000| Untracked 
|  88|0x0000000085800000, 0x0000000085800000, 0x0000000085900000|  0%| F|  |TAMS 0x0000000085800000, 0x0000000085800000| Untracked 
|  89|0x0000000085900000, 0x0000000085900000, 0x0000000085a00000|  0%| F|  |TAMS 0x0000000085900000, 0x0000000085900000| Untracked 
|  90|0x0000000085a00000, 0x0000000085a00000, 0x0000000085b00000|  0%| F|  |TAMS 0x0000000085a00000, 0x0000000085a00000| Untracked 
|  91|0x0000000085b00000, 0x0000000085b00000, 0x0000000085c00000|  0%| F|  |TAMS 0x0000000085b00000, 0x0000000085b00000| Untracked 
|  92|0x0000000085c00000, 0x0000000085c00000, 0x0000000085d00000|  0%| F|  |TAMS 0x0000000085c00000, 0x0000000085c00000| Untracked 
|  93|0x0000000085d00000, 0x0000000085d00000, 0x0000000085e00000|  0%| F|  |TAMS 0x0000000085d00000, 0x0000000085d00000| Untracked 
|  94|0x0000000085e00000, 0x0000000085e00000, 0x0000000085f00000|  0%| F|  |TAMS 0x0000000085e00000, 0x0000000085e00000| Untracked 
|  95|0x0000000085f00000, 0x0000000085f00000, 0x0000000086000000|  0%| F|  |TAMS 0x0000000085f00000, 0x0000000085f00000| Untracked 
|  96|0x0000000086000000, 0x0000000086000000, 0x0000000086100000|  0%| F|  |TAMS 0x0000000086000000, 0x0000000086000000| Untracked 
|  97|0x0000000086100000, 0x0000000086100000, 0x0000000086200000|  0%| F|  |TAMS 0x0000000086100000, 0x0000000086100000| Untracked 
|  98|0x0000000086200000, 0x0000000086200000, 0x0000000086300000|  0%| F|  |TAMS 0x0000000086200000, 0x0000000086200000| Untracked 
|  99|0x0000000086300000, 0x0000000086300000, 0x0000000086400000|  0%| F|  |TAMS 0x0000000086300000, 0x0000000086300000| Untracked 
| 100|0x0000000086400000, 0x0000000086400000, 0x0000000086500000|  0%| F|  |TAMS 0x0000000086400000, 0x0000000086400000| Untracked 
| 101|0x0000000086500000, 0x0000000086500000, 0x0000000086600000|  0%| F|  |TAMS 0x0000000086500000, 0x0000000086500000| Untracked 
| 102|0x0000000086600000, 0x0000000086600000, 0x0000000086700000|  0%| F|  |TAMS 0x0000000086600000, 0x0000000086600000| Untracked 
| 103|0x0000000086700000, 0x0000000086700000, 0x0000000086800000|  0%| F|  |TAMS 0x0000000086700000, 0x0000000086700000| Untracked 
| 104|0x0000000086800000, 0x0000000086800000, 0x0000000086900000|  0%| F|  |TAMS 0x0000000086800000, 0x0000000086800000| Untracked 
| 105|0x0000000086900000, 0x0000000086900000, 0x0000000086a00000|  0%| F|  |TAMS 0x0000000086900000, 0x0000000086900000| Untracked 
| 106|0x0000000086a00000, 0x0000000086a00000, 0x0000000086b00000|  0%| F|  |TAMS 0x0000000086a00000, 0x0000000086a00000| Untracked 
| 107|0x0000000086b00000, 0x0000000086b00000, 0x0000000086c00000|  0%| F|  |TAMS 0x0000000086b00000, 0x0000000086b00000| Untracked 
| 108|0x0000000086c00000, 0x0000000086c00000, 0x0000000086d00000|  0%| F|  |TAMS 0x0000000086c00000, 0x0000000086c00000| Untracked 
| 109|0x0000000086d00000, 0x0000000086d00000, 0x0000000086e00000|  0%| F|  |TAMS 0x0000000086d00000, 0x0000000086d00000| Untracked 
| 110|0x0000000086e00000, 0x0000000086e00000, 0x0000000086f00000|  0%| F|  |TAMS 0x0000000086e00000, 0x0000000086e00000| Untracked 
| 111|0x0000000086f00000, 0x0000000086f00000, 0x0000000087000000|  0%| F|  |TAMS 0x0000000086f00000, 0x0000000086f00000| Untracked 
| 112|0x0000000087000000, 0x0000000087000000, 0x0000000087100000|  0%| F|  |TAMS 0x0000000087000000, 0x0000000087000000| Untracked 
| 113|0x0000000087100000, 0x0000000087100000, 0x0000000087200000|  0%| F|  |TAMS 0x0000000087100000, 0x0000000087100000| Untracked 
| 114|0x0000000087200000, 0x0000000087200000, 0x0000000087300000|  0%| F|  |TAMS 0x0000000087200000, 0x0000000087200000| Untracked 
| 115|0x0000000087300000, 0x0000000087300000, 0x0000000087400000|  0%| F|  |TAMS 0x0000000087300000, 0x0000000087300000| Untracked 
| 116|0x0000000087400000, 0x0000000087400000, 0x0000000087500000|  0%| F|  |TAMS 0x0000000087400000, 0x0000000087400000| Untracked 
| 117|0x0000000087500000, 0x0000000087500000, 0x0000000087600000|  0%| F|  |TAMS 0x0000000087500000, 0x0000000087500000| Untracked 
| 118|0x0000000087600000, 0x0000000087600000, 0x0000000087700000|  0%| F|  |TAMS 0x0000000087600000, 0x0000000087600000| Untracked 
| 119|0x0000000087700000, 0x00000000877c70b0, 0x0000000087800000| 77%| S|CS|TAMS 0x0000000087700000, 0x0000000087700000| Complete 
| 120|0x0000000087800000, 0x0000000087900000, 0x0000000087900000|100%| S|CS|TAMS 0x0000000087800000, 0x0000000087800000| Complete 
| 121|0x0000000087900000, 0x0000000087a00000, 0x0000000087a00000|100%| S|CS|TAMS 0x0000000087900000, 0x0000000087900000| Complete 
| 122|0x0000000087a00000, 0x0000000087b00000, 0x0000000087b00000|100%| S|CS|TAMS 0x0000000087a00000, 0x0000000087a00000| Complete 
| 123|0x0000000087b00000, 0x0000000087c00000, 0x0000000087c00000|100%| S|CS|TAMS 0x0000000087b00000, 0x0000000087b00000| Complete 
| 124|0x0000000087c00000, 0x0000000087d00000, 0x0000000087d00000|100%| S|CS|TAMS 0x0000000087c00000, 0x0000000087c00000| Complete 
| 125|0x0000000087d00000, 0x0000000087e00000, 0x0000000087e00000|100%| S|CS|TAMS 0x0000000087d00000, 0x0000000087d00000| Complete 
| 126|0x0000000087e00000, 0x0000000087f00000, 0x0000000087f00000|100%| S|CS|TAMS 0x0000000087e00000, 0x0000000087e00000| Complete 
| 127|0x0000000087f00000, 0x0000000088000000, 0x0000000088000000|100%| S|CS|TAMS 0x0000000087f00000, 0x0000000087f00000| Complete 
| 128|0x0000000088000000, 0x0000000088000000, 0x0000000088100000|  0%| F|  |TAMS 0x0000000088000000, 0x0000000088000000| Untracked 
| 129|0x0000000088100000, 0x0000000088100000, 0x0000000088200000|  0%| F|  |TAMS 0x0000000088100000, 0x0000000088100000| Untracked 
| 130|0x0000000088200000, 0x0000000088200000, 0x0000000088300000|  0%| F|  |TAMS 0x0000000088200000, 0x0000000088200000| Untracked 
| 131|0x0000000088300000, 0x0000000088300000, 0x0000000088400000|  0%| F|  |TAMS 0x0000000088300000, 0x0000000088300000| Untracked 
| 132|0x0000000088400000, 0x0000000088400000, 0x0000000088500000|  0%| F|  |TAMS 0x0000000088400000, 0x0000000088400000| Untracked 
| 133|0x0000000088500000, 0x0000000088500000, 0x0000000088600000|  0%| F|  |TAMS 0x0000000088500000, 0x0000000088500000| Untracked 
| 134|0x0000000088600000, 0x0000000088600000, 0x0000000088700000|  0%| F|  |TAMS 0x0000000088600000, 0x0000000088600000| Untracked 
| 135|0x0000000088700000, 0x0000000088700000, 0x0000000088800000|  0%| F|  |TAMS 0x0000000088700000, 0x0000000088700000| Untracked 
| 136|0x0000000088800000, 0x0000000088800000, 0x0000000088900000|  0%| F|  |TAMS 0x0000000088800000, 0x0000000088800000| Untracked 
| 137|0x0000000088900000, 0x0000000088900000, 0x0000000088a00000|  0%| F|  |TAMS 0x0000000088900000, 0x0000000088900000| Untracked 
| 138|0x0000000088a00000, 0x0000000088a00000, 0x0000000088b00000|  0%| F|  |TAMS 0x0000000088a00000, 0x0000000088a00000| Untracked 
| 139|0x0000000088b00000, 0x0000000088b00000, 0x0000000088c00000|  0%| F|  |TAMS 0x0000000088b00000, 0x0000000088b00000| Untracked 
| 140|0x0000000088c00000, 0x0000000088c00000, 0x0000000088d00000|  0%| F|  |TAMS 0x0000000088c00000, 0x0000000088c00000| Untracked 
| 141|0x0000000088d00000, 0x0000000088d00000, 0x0000000088e00000|  0%| F|  |TAMS 0x0000000088d00000, 0x0000000088d00000| Untracked 
| 142|0x0000000088e00000, 0x0000000088e00000, 0x0000000088f00000|  0%| F|  |TAMS 0x0000000088e00000, 0x0000000088e00000| Untracked 
| 143|0x0000000088f00000, 0x0000000088f00000, 0x0000000089000000|  0%| F|  |TAMS 0x0000000088f00000, 0x0000000088f00000| Untracked 
| 144|0x0000000089000000, 0x0000000089000000, 0x0000000089100000|  0%| F|  |TAMS 0x0000000089000000, 0x0000000089000000| Untracked 
| 145|0x0000000089100000, 0x0000000089100000, 0x0000000089200000|  0%| F|  |TAMS 0x0000000089100000, 0x0000000089100000| Untracked 
| 146|0x0000000089200000, 0x0000000089200000, 0x0000000089300000|  0%| F|  |TAMS 0x0000000089200000, 0x0000000089200000| Untracked 
| 147|0x0000000089300000, 0x0000000089300000, 0x0000000089400000|  0%| F|  |TAMS 0x0000000089300000, 0x0000000089300000| Untracked 
| 148|0x0000000089400000, 0x0000000089400000, 0x0000000089500000|  0%| F|  |TAMS 0x0000000089400000, 0x0000000089400000| Untracked 
| 149|0x0000000089500000, 0x0000000089500000, 0x0000000089600000|  0%| F|  |TAMS 0x0000000089500000, 0x0000000089500000| Untracked 
| 150|0x0000000089600000, 0x0000000089600000, 0x0000000089700000|  0%| F|  |TAMS 0x0000000089600000, 0x0000000089600000| Untracked 
| 151|0x0000000089700000, 0x0000000089700000, 0x0000000089800000|  0%| F|  |TAMS 0x0000000089700000, 0x0000000089700000| Untracked 
| 152|0x0000000089800000, 0x0000000089800000, 0x0000000089900000|  0%| F|  |TAMS 0x0000000089800000, 0x0000000089800000| Untracked 
| 153|0x0000000089900000, 0x0000000089900000, 0x0000000089a00000|  0%| F|  |TAMS 0x0000000089900000, 0x0000000089900000| Untracked 
| 154|0x0000000089a00000, 0x0000000089a00000, 0x0000000089b00000|  0%| F|  |TAMS 0x0000000089a00000, 0x0000000089a00000| Untracked 
| 155|0x0000000089b00000, 0x0000000089b00000, 0x0000000089c00000|  0%| F|  |TAMS 0x0000000089b00000, 0x0000000089b00000| Untracked 
| 156|0x0000000089c00000, 0x0000000089c00000, 0x0000000089d00000|  0%| F|  |TAMS 0x0000000089c00000, 0x0000000089c00000| Untracked 
| 157|0x0000000089d00000, 0x0000000089d00000, 0x0000000089e00000|  0%| F|  |TAMS 0x0000000089d00000, 0x0000000089d00000| Untracked 
| 158|0x0000000089e00000, 0x0000000089e00000, 0x0000000089f00000|  0%| F|  |TAMS 0x0000000089e00000, 0x0000000089e00000| Untracked 
| 159|0x0000000089f00000, 0x0000000089f00000, 0x000000008a000000|  0%| F|  |TAMS 0x0000000089f00000, 0x0000000089f00000| Untracked 
| 160|0x000000008a000000, 0x000000008a000000, 0x000000008a100000|  0%| F|  |TAMS 0x000000008a000000, 0x000000008a000000| Untracked 
| 161|0x000000008a100000, 0x000000008a100000, 0x000000008a200000|  0%| F|  |TAMS 0x000000008a100000, 0x000000008a100000| Untracked 
| 162|0x000000008a200000, 0x000000008a200000, 0x000000008a300000|  0%| F|  |TAMS 0x000000008a200000, 0x000000008a200000| Untracked 
| 163|0x000000008a300000, 0x000000008a300000, 0x000000008a400000|  0%| F|  |TAMS 0x000000008a300000, 0x000000008a300000| Untracked 
| 164|0x000000008a400000, 0x000000008a400000, 0x000000008a500000|  0%| F|  |TAMS 0x000000008a400000, 0x000000008a400000| Untracked 
| 165|0x000000008a500000, 0x000000008a500000, 0x000000008a600000|  0%| F|  |TAMS 0x000000008a500000, 0x000000008a500000| Untracked 
| 166|0x000000008a600000, 0x000000008a600000, 0x000000008a700000|  0%| F|  |TAMS 0x000000008a600000, 0x000000008a600000| Untracked 
| 167|0x000000008a700000, 0x000000008a700000, 0x000000008a800000|  0%| F|  |TAMS 0x000000008a700000, 0x000000008a700000| Untracked 
| 168|0x000000008a800000, 0x000000008a800000, 0x000000008a900000|  0%| F|  |TAMS 0x000000008a800000, 0x000000008a800000| Untracked 
| 169|0x000000008a900000, 0x000000008a900000, 0x000000008aa00000|  0%| F|  |TAMS 0x000000008a900000, 0x000000008a900000| Untracked 
| 170|0x000000008aa00000, 0x000000008aa00000, 0x000000008ab00000|  0%| F|  |TAMS 0x000000008aa00000, 0x000000008aa00000| Untracked 
| 171|0x000000008ab00000, 0x000000008ab00000, 0x000000008ac00000|  0%| F|  |TAMS 0x000000008ab00000, 0x000000008ab00000| Untracked 
| 172|0x000000008ac00000, 0x000000008ac00000, 0x000000008ad00000|  0%| F|  |TAMS 0x000000008ac00000, 0x000000008ac00000| Untracked 
| 173|0x000000008ad00000, 0x000000008ad00000, 0x000000008ae00000|  0%| F|  |TAMS 0x000000008ad00000, 0x000000008ad00000| Untracked 
| 174|0x000000008ae00000, 0x000000008ae00000, 0x000000008af00000|  0%| F|  |TAMS 0x000000008ae00000, 0x000000008ae00000| Untracked 
| 175|0x000000008af00000, 0x000000008af00000, 0x000000008b000000|  0%| F|  |TAMS 0x000000008af00000, 0x000000008af00000| Untracked 
| 176|0x000000008b000000, 0x000000008b000000, 0x000000008b100000|  0%| F|  |TAMS 0x000000008b000000, 0x000000008b000000| Untracked 
| 177|0x000000008b100000, 0x000000008b100000, 0x000000008b200000|  0%| F|  |TAMS 0x000000008b100000, 0x000000008b100000| Untracked 
| 178|0x000000008b200000, 0x000000008b200000, 0x000000008b300000|  0%| F|  |TAMS 0x000000008b200000, 0x000000008b200000| Untracked 
| 179|0x000000008b300000, 0x000000008b300000, 0x000000008b400000|  0%| F|  |TAMS 0x000000008b300000, 0x000000008b300000| Untracked 
| 180|0x000000008b400000, 0x000000008b400000, 0x000000008b500000|  0%| F|  |TAMS 0x000000008b400000, 0x000000008b400000| Untracked 
| 181|0x000000008b500000, 0x000000008b500000, 0x000000008b600000|  0%| F|  |TAMS 0x000000008b500000, 0x000000008b500000| Untracked 
| 182|0x000000008b600000, 0x000000008b600000, 0x000000008b700000|  0%| F|  |TAMS 0x000000008b600000, 0x000000008b600000| Untracked 
| 183|0x000000008b700000, 0x000000008b700000, 0x000000008b800000|  0%| F|  |TAMS 0x000000008b700000, 0x000000008b700000| Untracked 
| 184|0x000000008b800000, 0x000000008b800000, 0x000000008b900000|  0%| F|  |TAMS 0x000000008b800000, 0x000000008b800000| Untracked 
| 185|0x000000008b900000, 0x000000008b900000, 0x000000008ba00000|  0%| F|  |TAMS 0x000000008b900000, 0x000000008b900000| Untracked 
| 186|0x000000008ba00000, 0x000000008baf4068, 0x000000008bb00000| 95%| E|  |TAMS 0x000000008ba00000, 0x000000008ba00000| Complete 
| 187|0x000000008bb00000, 0x000000008bc00000, 0x000000008bc00000|100%| E|CS|TAMS 0x000000008bb00000, 0x000000008bb00000| Complete 
| 188|0x000000008bc00000, 0x000000008bd00000, 0x000000008bd00000|100%| E|CS|TAMS 0x000000008bc00000, 0x000000008bc00000| Complete 
| 189|0x000000008bd00000, 0x000000008be00000, 0x000000008be00000|100%| E|CS|TAMS 0x000000008bd00000, 0x000000008bd00000| Complete 
| 190|0x000000008be00000, 0x000000008bf00000, 0x000000008bf00000|100%| E|CS|TAMS 0x000000008be00000, 0x000000008be00000| Complete 
| 191|0x000000008bf00000, 0x000000008c000000, 0x000000008c000000|100%| E|CS|TAMS 0x000000008bf00000, 0x000000008bf00000| Complete 
| 192|0x000000008c000000, 0x000000008c100000, 0x000000008c100000|100%| E|CS|TAMS 0x000000008c000000, 0x000000008c000000| Complete 
| 193|0x000000008c100000, 0x000000008c200000, 0x000000008c200000|100%| E|CS|TAMS 0x000000008c100000, 0x000000008c100000| Complete 
| 194|0x000000008c200000, 0x000000008c300000, 0x000000008c300000|100%| E|  |TAMS 0x000000008c200000, 0x000000008c200000| Complete 
| 195|0x000000008c300000, 0x000000008c400000, 0x000000008c400000|100%| E|CS|TAMS 0x000000008c300000, 0x000000008c300000| Complete 
| 196|0x000000008c400000, 0x000000008c500000, 0x000000008c500000|100%| E|CS|TAMS 0x000000008c400000, 0x000000008c400000| Complete 
| 197|0x000000008c500000, 0x000000008c600000, 0x000000008c600000|100%| E|CS|TAMS 0x000000008c500000, 0x000000008c500000| Complete 
| 198|0x000000008c600000, 0x000000008c700000, 0x000000008c700000|100%| E|CS|TAMS 0x000000008c600000, 0x000000008c600000| Complete 
| 199|0x000000008c700000, 0x000000008c800000, 0x000000008c800000|100%| E|CS|TAMS 0x000000008c700000, 0x000000008c700000| Complete 
| 200|0x000000008c800000, 0x000000008c900000, 0x000000008c900000|100%| E|CS|TAMS 0x000000008c800000, 0x000000008c800000| Complete 
| 201|0x000000008c900000, 0x000000008ca00000, 0x000000008ca00000|100%| E|CS|TAMS 0x000000008c900000, 0x000000008c900000| Complete 
| 202|0x000000008ca00000, 0x000000008cb00000, 0x000000008cb00000|100%| E|CS|TAMS 0x000000008ca00000, 0x000000008ca00000| Complete 
| 203|0x000000008cb00000, 0x000000008cc00000, 0x000000008cc00000|100%| E|CS|TAMS 0x000000008cb00000, 0x000000008cb00000| Complete 
| 204|0x000000008cc00000, 0x000000008cd00000, 0x000000008cd00000|100%| E|CS|TAMS 0x000000008cc00000, 0x000000008cc00000| Complete 
| 205|0x000000008cd00000, 0x000000008ce00000, 0x000000008ce00000|100%| E|CS|TAMS 0x000000008cd00000, 0x000000008cd00000| Complete 
| 206|0x000000008ce00000, 0x000000008cf00000, 0x000000008cf00000|100%| E|CS|TAMS 0x000000008ce00000, 0x000000008ce00000| Complete 
| 207|0x000000008cf00000, 0x000000008d000000, 0x000000008d000000|100%| E|CS|TAMS 0x000000008cf00000, 0x000000008cf00000| Complete 
| 208|0x000000008d000000, 0x000000008d100000, 0x000000008d100000|100%| E|CS|TAMS 0x000000008d000000, 0x000000008d000000| Complete 
| 209|0x000000008d100000, 0x000000008d200000, 0x000000008d200000|100%| E|CS|TAMS 0x000000008d100000, 0x000000008d100000| Complete 
| 210|0x000000008d200000, 0x000000008d300000, 0x000000008d300000|100%| E|CS|TAMS 0x000000008d200000, 0x000000008d200000| Complete 
| 211|0x000000008d300000, 0x000000008d400000, 0x000000008d400000|100%| E|CS|TAMS 0x000000008d300000, 0x000000008d300000| Complete 
| 212|0x000000008d400000, 0x000000008d500000, 0x000000008d500000|100%| E|CS|TAMS 0x000000008d400000, 0x000000008d400000| Complete 
| 213|0x000000008d500000, 0x000000008d600000, 0x000000008d600000|100%| E|CS|TAMS 0x000000008d500000, 0x000000008d500000| Complete 
| 214|0x000000008d600000, 0x000000008d700000, 0x000000008d700000|100%| E|CS|TAMS 0x000000008d600000, 0x000000008d600000| Complete 
| 215|0x000000008d700000, 0x000000008d800000, 0x000000008d800000|100%| E|CS|TAMS 0x000000008d700000, 0x000000008d700000| Complete 
| 216|0x000000008d800000, 0x000000008d900000, 0x000000008d900000|100%| E|CS|TAMS 0x000000008d800000, 0x000000008d800000| Complete 
| 217|0x000000008d900000, 0x000000008da00000, 0x000000008da00000|100%| E|CS|TAMS 0x000000008d900000, 0x000000008d900000| Complete 
| 218|0x000000008da00000, 0x000000008db00000, 0x000000008db00000|100%| E|CS|TAMS 0x000000008da00000, 0x000000008da00000| Complete 
| 219|0x000000008db00000, 0x000000008dc00000, 0x000000008dc00000|100%| E|CS|TAMS 0x000000008db00000, 0x000000008db00000| Complete 
| 220|0x000000008dc00000, 0x000000008dd00000, 0x000000008dd00000|100%| E|CS|TAMS 0x000000008dc00000, 0x000000008dc00000| Complete 
| 221|0x000000008dd00000, 0x000000008de00000, 0x000000008de00000|100%| E|CS|TAMS 0x000000008dd00000, 0x000000008dd00000| Complete 
| 222|0x000000008de00000, 0x000000008df00000, 0x000000008df00000|100%| E|CS|TAMS 0x000000008de00000, 0x000000008de00000| Complete 
| 223|0x000000008df00000, 0x000000008e000000, 0x000000008e000000|100%| E|CS|TAMS 0x000000008df00000, 0x000000008df00000| Complete 
| 224|0x000000008e000000, 0x000000008e100000, 0x000000008e100000|100%| E|CS|TAMS 0x000000008e000000, 0x000000008e000000| Complete 
| 225|0x000000008e100000, 0x000000008e200000, 0x000000008e200000|100%| E|CS|TAMS 0x000000008e100000, 0x000000008e100000| Complete 
| 226|0x000000008e200000, 0x000000008e300000, 0x000000008e300000|100%| E|CS|TAMS 0x000000008e200000, 0x000000008e200000| Complete 
| 227|0x000000008e300000, 0x000000008e400000, 0x000000008e400000|100%| E|CS|TAMS 0x000000008e300000, 0x000000008e300000| Complete 
| 228|0x000000008e400000, 0x000000008e500000, 0x000000008e500000|100%| E|CS|TAMS 0x000000008e400000, 0x000000008e400000| Complete 
| 229|0x000000008e500000, 0x000000008e600000, 0x000000008e600000|100%| E|CS|TAMS 0x000000008e500000, 0x000000008e500000| Complete 
| 230|0x000000008e600000, 0x000000008e700000, 0x000000008e700000|100%| E|CS|TAMS 0x000000008e600000, 0x000000008e600000| Complete 
| 231|0x000000008e700000, 0x000000008e800000, 0x000000008e800000|100%| E|CS|TAMS 0x000000008e700000, 0x000000008e700000| Complete 
| 232|0x000000008e800000, 0x000000008e900000, 0x000000008e900000|100%| E|CS|TAMS 0x000000008e800000, 0x000000008e800000| Complete 
| 233|0x000000008e900000, 0x000000008ea00000, 0x000000008ea00000|100%| E|CS|TAMS 0x000000008e900000, 0x000000008e900000| Complete 
| 234|0x000000008ea00000, 0x000000008eb00000, 0x000000008eb00000|100%| E|CS|TAMS 0x000000008ea00000, 0x000000008ea00000| Complete 
| 235|0x000000008eb00000, 0x000000008ec00000, 0x000000008ec00000|100%| E|CS|TAMS 0x000000008eb00000, 0x000000008eb00000| Complete 
| 236|0x000000008ec00000, 0x000000008ed00000, 0x000000008ed00000|100%| E|CS|TAMS 0x000000008ec00000, 0x000000008ec00000| Complete 
| 237|0x000000008ed00000, 0x000000008ee00000, 0x000000008ee00000|100%| E|CS|TAMS 0x000000008ed00000, 0x000000008ed00000| Complete 
| 238|0x000000008ee00000, 0x000000008ef00000, 0x000000008ef00000|100%| E|CS|TAMS 0x000000008ee00000, 0x000000008ee00000| Complete 
| 239|0x000000008ef00000, 0x000000008f000000, 0x000000008f000000|100%| E|CS|TAMS 0x000000008ef00000, 0x000000008ef00000| Complete 
| 240|0x000000008f000000, 0x000000008f100000, 0x000000008f100000|100%| E|CS|TAMS 0x000000008f000000, 0x000000008f000000| Complete 
| 241|0x000000008f100000, 0x000000008f200000, 0x000000008f200000|100%| E|CS|TAMS 0x000000008f100000, 0x000000008f100000| Complete 
| 242|0x000000008f200000, 0x000000008f300000, 0x000000008f300000|100%| E|CS|TAMS 0x000000008f200000, 0x000000008f200000| Complete 
| 243|0x000000008f300000, 0x000000008f400000, 0x000000008f400000|100%| E|CS|TAMS 0x000000008f300000, 0x000000008f300000| Complete 
| 244|0x000000008f400000, 0x000000008f500000, 0x000000008f500000|100%| E|CS|TAMS 0x000000008f400000, 0x000000008f400000| Complete 
| 245|0x000000008f500000, 0x000000008f600000, 0x000000008f600000|100%| E|CS|TAMS 0x000000008f500000, 0x000000008f500000| Complete 
| 246|0x000000008f600000, 0x000000008f700000, 0x000000008f700000|100%| E|CS|TAMS 0x000000008f600000, 0x000000008f600000| Complete 
| 247|0x000000008f700000, 0x000000008f800000, 0x000000008f800000|100%| E|CS|TAMS 0x000000008f700000, 0x000000008f700000| Complete 
| 248|0x000000008f800000, 0x000000008f900000, 0x000000008f900000|100%| E|CS|TAMS 0x000000008f800000, 0x000000008f800000| Complete 
| 249|0x000000008f900000, 0x000000008fa00000, 0x000000008fa00000|100%| E|CS|TAMS 0x000000008f900000, 0x000000008f900000| Complete 
| 250|0x000000008fa00000, 0x000000008fb00000, 0x000000008fb00000|100%| E|CS|TAMS 0x000000008fa00000, 0x000000008fa00000| Complete 
| 251|0x000000008fb00000, 0x000000008fc00000, 0x000000008fc00000|100%| E|CS|TAMS 0x000000008fb00000, 0x000000008fb00000| Complete 
| 252|0x000000008fc00000, 0x000000008fd00000, 0x000000008fd00000|100%| E|CS|TAMS 0x000000008fc00000, 0x000000008fc00000| Complete 
| 253|0x000000008fd00000, 0x000000008fe00000, 0x000000008fe00000|100%| E|CS|TAMS 0x000000008fd00000, 0x000000008fd00000| Complete 
| 254|0x000000008fe00000, 0x000000008ff00000, 0x000000008ff00000|100%| E|CS|TAMS 0x000000008fe00000, 0x000000008fe00000| Complete 
| 255|0x000000008ff00000, 0x0000000090000000, 0x0000000090000000|100%| E|CS|TAMS 0x000000008ff00000, 0x000000008ff00000| Complete 
| 256|0x0000000090000000, 0x0000000090100000, 0x0000000090100000|100%| E|CS|TAMS 0x0000000090000000, 0x0000000090000000| Complete 
| 257|0x0000000090100000, 0x0000000090200000, 0x0000000090200000|100%| E|CS|TAMS 0x0000000090100000, 0x0000000090100000| Complete 
| 258|0x0000000090200000, 0x0000000090300000, 0x0000000090300000|100%| E|CS|TAMS 0x0000000090200000, 0x0000000090200000| Complete 
| 259|0x0000000090300000, 0x0000000090400000, 0x0000000090400000|100%| E|CS|TAMS 0x0000000090300000, 0x0000000090300000| Complete 
| 260|0x0000000090400000, 0x0000000090500000, 0x0000000090500000|100%| E|CS|TAMS 0x0000000090400000, 0x0000000090400000| Complete 
| 261|0x0000000090500000, 0x0000000090600000, 0x0000000090600000|100%| E|CS|TAMS 0x0000000090500000, 0x0000000090500000| Complete 
| 262|0x0000000090600000, 0x0000000090700000, 0x0000000090700000|100%| E|CS|TAMS 0x0000000090600000, 0x0000000090600000| Complete 
| 263|0x0000000090700000, 0x0000000090800000, 0x0000000090800000|100%| E|CS|TAMS 0x0000000090700000, 0x0000000090700000| Complete 
| 264|0x0000000090800000, 0x0000000090900000, 0x0000000090900000|100%| E|CS|TAMS 0x0000000090800000, 0x0000000090800000| Complete 
| 265|0x0000000090900000, 0x0000000090a00000, 0x0000000090a00000|100%| E|CS|TAMS 0x0000000090900000, 0x0000000090900000| Complete 
| 266|0x0000000090a00000, 0x0000000090b00000, 0x0000000090b00000|100%| E|CS|TAMS 0x0000000090a00000, 0x0000000090a00000| Complete 
| 267|0x0000000090b00000, 0x0000000090c00000, 0x0000000090c00000|100%| E|CS|TAMS 0x0000000090b00000, 0x0000000090b00000| Complete 
| 268|0x0000000090c00000, 0x0000000090d00000, 0x0000000090d00000|100%| E|CS|TAMS 0x0000000090c00000, 0x0000000090c00000| Complete 
| 269|0x0000000090d00000, 0x0000000090e00000, 0x0000000090e00000|100%| E|CS|TAMS 0x0000000090d00000, 0x0000000090d00000| Complete 
| 270|0x0000000090e00000, 0x0000000090f00000, 0x0000000090f00000|100%| E|CS|TAMS 0x0000000090e00000, 0x0000000090e00000| Complete 
| 271|0x0000000090f00000, 0x0000000091000000, 0x0000000091000000|100%| E|CS|TAMS 0x0000000090f00000, 0x0000000090f00000| Complete 
| 272|0x0000000091000000, 0x0000000091100000, 0x0000000091100000|100%| E|CS|TAMS 0x0000000091000000, 0x0000000091000000| Complete 
| 273|0x0000000091100000, 0x0000000091200000, 0x0000000091200000|100%| E|CS|TAMS 0x0000000091100000, 0x0000000091100000| Complete 
| 274|0x0000000091200000, 0x0000000091300000, 0x0000000091300000|100%| E|CS|TAMS 0x0000000091200000, 0x0000000091200000| Complete 
| 275|0x0000000091300000, 0x0000000091400000, 0x0000000091400000|100%| E|CS|TAMS 0x0000000091300000, 0x0000000091300000| Complete 
| 276|0x0000000091400000, 0x0000000091500000, 0x0000000091500000|100%| E|CS|TAMS 0x0000000091400000, 0x0000000091400000| Complete 
| 277|0x0000000091500000, 0x0000000091600000, 0x0000000091600000|100%| E|CS|TAMS 0x0000000091500000, 0x0000000091500000| Complete 
| 278|0x0000000091600000, 0x0000000091700000, 0x0000000091700000|100%| E|CS|TAMS 0x0000000091600000, 0x0000000091600000| Complete 
| 279|0x0000000091700000, 0x0000000091800000, 0x0000000091800000|100%| E|CS|TAMS 0x0000000091700000, 0x0000000091700000| Complete 
| 280|0x0000000091800000, 0x0000000091900000, 0x0000000091900000|100%| E|CS|TAMS 0x0000000091800000, 0x0000000091800000| Complete 
| 281|0x0000000091900000, 0x0000000091a00000, 0x0000000091a00000|100%| E|CS|TAMS 0x0000000091900000, 0x0000000091900000| Complete 
| 282|0x0000000091a00000, 0x0000000091b00000, 0x0000000091b00000|100%| E|CS|TAMS 0x0000000091a00000, 0x0000000091a00000| Complete 
| 283|0x0000000091b00000, 0x0000000091c00000, 0x0000000091c00000|100%| E|CS|TAMS 0x0000000091b00000, 0x0000000091b00000| Complete 
| 284|0x0000000091c00000, 0x0000000091d00000, 0x0000000091d00000|100%| E|CS|TAMS 0x0000000091c00000, 0x0000000091c00000| Complete 
| 285|0x0000000091d00000, 0x0000000091e00000, 0x0000000091e00000|100%| E|CS|TAMS 0x0000000091d00000, 0x0000000091d00000| Complete 
| 286|0x0000000091e00000, 0x0000000091f00000, 0x0000000091f00000|100%| E|CS|TAMS 0x0000000091e00000, 0x0000000091e00000| Complete 
| 287|0x0000000091f00000, 0x0000000092000000, 0x0000000092000000|100%| E|CS|TAMS 0x0000000091f00000, 0x0000000091f00000| Complete 
| 288|0x0000000092000000, 0x0000000092100000, 0x0000000092100000|100%| E|CS|TAMS 0x0000000092000000, 0x0000000092000000| Complete 
| 289|0x0000000092100000, 0x0000000092200000, 0x0000000092200000|100%| E|CS|TAMS 0x0000000092100000, 0x0000000092100000| Complete 
| 290|0x0000000092200000, 0x0000000092300000, 0x0000000092300000|100%| E|CS|TAMS 0x0000000092200000, 0x0000000092200000| Complete 
| 291|0x0000000092300000, 0x0000000092400000, 0x0000000092400000|100%| E|CS|TAMS 0x0000000092300000, 0x0000000092300000| Complete 
| 292|0x0000000092400000, 0x0000000092500000, 0x0000000092500000|100%| E|CS|TAMS 0x0000000092400000, 0x0000000092400000| Complete 
| 293|0x0000000092500000, 0x0000000092600000, 0x0000000092600000|100%| E|CS|TAMS 0x0000000092500000, 0x0000000092500000| Complete 
| 294|0x0000000092600000, 0x0000000092700000, 0x0000000092700000|100%| E|CS|TAMS 0x0000000092600000, 0x0000000092600000| Complete 
| 295|0x0000000092700000, 0x0000000092800000, 0x0000000092800000|100%| E|CS|TAMS 0x0000000092700000, 0x0000000092700000| Complete 

Card table byte_map: [0x000001e53c300000,0x000001e53c700000] _byte_map_base: 0x000001e53bf00000

Marking Bits (Prev, Next): (CMBitMap*) 0x000001e528ee4090, (CMBitMap*) 0x000001e528ee4058
 Prev Bits: [0x000001e53eb00000, 0x000001e540b00000)
 Next Bits: [0x000001e53cb00000, 0x000001e53eb00000)

Polling page: 0x000001e526be0000

Metaspace:

Usage:
  Non-class:     60.03 MB capacity,    59.00 MB ( 98%) used,   858.33 KB (  1%) free+waste,   202.56 KB ( <1%) overhead. 
      Class:      8.87 MB capacity,     8.24 MB ( 93%) used,   558.66 KB (  6%) free+waste,    93.31 KB (  1%) overhead. 
       Both:     68.91 MB capacity,    67.23 MB ( 98%) used,     1.38 MB (  2%) free+waste,   295.88 KB ( <1%) overhead. 

Virtual space:
  Non-class space:       62.00 MB reserved,      60.17 MB ( 97%) committed 
      Class space:        1.00 GB reserved,       8.88 MB ( <1%) committed 
             Both:        1.06 GB reserved,      69.05 MB (  6%) committed 

Chunk freelists:
   Non-Class:  14.00 KB
       Class:  2.00 KB
        Both:  16.00 KB

MaxMetaspaceSize: 17179869184.00 GB
CompressedClassSpaceSize: 1.00 GB
Initial GC threshold: 20.80 MB
Current GC threshold: 98.20 MB
CDS: off

CodeHeap 'non-profiled nmethods': size=120000Kb used=7405Kb max_used=7405Kb free=112594Kb
 bounds [0x000001e534480000, 0x000001e534bc0000, 0x000001e53b9b0000]
CodeHeap 'profiled nmethods': size=120000Kb used=24537Kb max_used=24537Kb free=95462Kb
 bounds [0x000001e52cf50000, 0x000001e52e750000, 0x000001e534480000]
CodeHeap 'non-nmethods': size=5760Kb used=2352Kb max_used=2417Kb free=3407Kb
 bounds [0x000001e52c9b0000, 0x000001e52cc20000, 0x000001e52cf50000]
 total_blobs=11401 nmethods=10533 adapters=780
 compilation: enabled
              stopped_count=0, restarted_count=0
 full_count=0

Compilation events (20 events):
Event: 65.505 Thread 0x000001e546abd800 nmethod 10671 0x000001e534bba710 code [0x000001e534bba920, 0x000001e534bbaf30]
Event: 65.505 Thread 0x000001e546abd800 10670   !   4       java.nio.charset.Charset::defaultCharset (53 bytes)
Event: 65.506 Thread 0x000001e546abd800 nmethod 10670 0x000001e534bbb290 code [0x000001e534bbb420, 0x000001e534bbb498]
Event: 65.506 Thread 0x000001e546abd800 10364       4       org.objectweb.asm.SymbolTable::addConstant (330 bytes)
Event: 65.507 Thread 0x000001e544057800 10678       3       org.objectweb.asm.SymbolTable::addConstantMemberReference (147 bytes)
Event: 65.508 Thread 0x000001e544057800 nmethod 10678 0x000001e52e735e90 code [0x000001e52e736120, 0x000001e52e736a48]
Event: 65.532 Thread 0x000001e544057800 10679       2       java.util.stream.ReferencePipeline::flatMap (30 bytes)
Event: 65.533 Thread 0x000001e544057800 nmethod 10679 0x000001e52e737010 code [0x000001e52e7371e0, 0x000001e52e7374f8]
Event: 65.533 Thread 0x000001e544057800 10680       2       java.util.stream.ReferencePipeline$7::<init> (20 bytes)
Event: 65.534 Thread 0x000001e544057800 nmethod 10680 0x000001e52e737690 code [0x000001e52e737840, 0x000001e52e737a28]
Event: 65.534 Thread 0x000001e544057800 10681       2       java.util.stream.ReferencePipeline$7::opWrapSink (10 bytes)
Event: 65.534 Thread 0x000001e544057800 nmethod 10681 0x000001e52e737b10 code [0x000001e52e737ce0, 0x000001e52e738008]
Event: 65.581 Thread 0x000001e544057800 10684       2       org.objectweb.asm.MethodVisitor::visitMultiANewArrayInsn (17 bytes)
Event: 65.582 Thread 0x000001e544057800 nmethod 10684 0x000001e52e738190 code [0x000001e52e738340, 0x000001e52e738468]
Event: 65.627 Thread 0x000001e544057800 10686       3       org.objectweb.asm.MethodWriter::visitFrame (811 bytes)
Event: 65.631 Thread 0x000001e544057800 nmethod 10686 0x000001e52e738510 code [0x000001e52e738a00, 0x000001e52e73a9c8]
Event: 65.635 Thread 0x000001e544057800 10687 %     3       org.objectweb.asm.SymbolTable::addBootstrapMethod @ 35 (209 bytes)
Event: 65.637 Thread 0x000001e544057800 nmethod 10687% 0x000001e52e73b890 code [0x000001e52e73bb20, 0x000001e52e73c738]
Event: 65.642 Thread 0x000001e544057800 10688       3       org.objectweb.asm.SymbolTable::addBootstrapMethod (209 bytes)
Event: 65.643 Thread 0x000001e544057800 nmethod 10688 0x000001e52e73cd10 code [0x000001e52e73cfa0, 0x000001e52e73da18]

GC Heap History (20 events):
Event: 62.949 GC heap before
{Heap before GC invocations=20 (full 0):
 garbage-first heap   total 251904K, used 196058K [0x0000000080000000, 0x0000000100000000)
  region size 1024K, 148 young (151552K), 8 survivors (8192K)
 Metaspace       used 68704K, capacity 70430K, committed 70448K, reserved 1110016K
  class space    used 8420K, capacity 9086K, committed 9088K, reserved 1048576K
}
Event: 62.954 GC heap after
{Heap after GC invocations=21 (full 0):
 garbage-first heap   total 251904K, used 53869K [0x0000000080000000, 0x0000000100000000)
  region size 1024K, 7 young (7168K), 7 survivors (7168K)
 Metaspace       used 68704K, capacity 70430K, committed 70448K, reserved 1110016K
  class space    used 8420K, capacity 9086K, committed 9088K, reserved 1048576K
}
Event: 63.248 GC heap before
{Heap before GC invocations=21 (full 0):
 garbage-first heap   total 251904K, used 196205K [0x0000000080000000, 0x0000000100000000)
  region size 1024K, 148 young (151552K), 7 survivors (7168K)
 Metaspace       used 68731K, capacity 70494K, committed 70704K, reserved 1112064K
  class space    used 8423K, capacity 9086K, committed 9088K, reserved 1048576K
}
Event: 63.254 GC heap after
{Heap after GC invocations=22 (full 0):
 garbage-first heap   total 251904K, used 55401K [0x0000000080000000, 0x0000000100000000)
  region size 1024K, 9 young (9216K), 9 survivors (9216K)
 Metaspace       used 68731K, capacity 70494K, committed 70704K, reserved 1112064K
  class space    used 8423K, capacity 9086K, committed 9088K, reserved 1048576K
}
Event: 63.528 GC heap before
{Heap before GC invocations=22 (full 0):
 garbage-first heap   total 251904K, used 196713K [0x0000000080000000, 0x0000000100000000)
  region size 1024K, 147 young (150528K), 9 survivors (9216K)
 Metaspace       used 68809K, capacity 70558K, committed 70704K, reserved 1112064K
  class space    used 8433K, capacity 9086K, committed 9088K, reserved 1048576K
}
Event: 63.536 GC heap after
{Heap after GC invocations=23 (full 0):
 garbage-first heap   total 251904K, used 59205K [0x0000000080000000, 0x0000000100000000)
  region size 1024K, 12 young (12288K), 12 survivors (12288K)
 Metaspace       used 68809K, capacity 70558K, committed 70704K, reserved 1112064K
  class space    used 8433K, capacity 9086K, committed 9088K, reserved 1048576K
}
Event: 63.816 GC heap before
{Heap before GC invocations=23 (full 0):
 garbage-first heap   total 251904K, used 197445K [0x0000000080000000, 0x0000000100000000)
  region size 1024K, 147 young (150528K), 12 survivors (12288K)
 Metaspace       used 68817K, capacity 70558K, committed 70704K, reserved 1112064K
  class space    used 8433K, capacity 9086K, committed 9088K, reserved 1048576K
}
Event: 63.821 GC heap after
{Heap after GC invocations=24 (full 0):
 garbage-first heap   total 251904K, used 57304K [0x0000000080000000, 0x0000000100000000)
  region size 1024K, 10 young (10240K), 10 survivors (10240K)
 Metaspace       used 68817K, capacity 70558K, committed 70704K, reserved 1112064K
  class space    used 8433K, capacity 9086K, committed 9088K, reserved 1048576K
}
Event: 64.080 GC heap before
{Heap before GC invocations=24 (full 0):
 garbage-first heap   total 251904K, used 196568K [0x0000000080000000, 0x0000000100000000)
  region size 1024K, 148 young (151552K), 10 survivors (10240K)
 Metaspace       used 68824K, capacity 70558K, committed 70704K, reserved 1112064K
  class space    used 8433K, capacity 9086K, committed 9088K, reserved 1048576K
}
Event: 64.085 GC heap after
{Heap after GC invocations=25 (full 0):
 garbage-first heap   total 251904K, used 57014K [0x0000000080000000, 0x0000000100000000)
  region size 1024K, 9 young (9216K), 9 survivors (9216K)
 Metaspace       used 68824K, capacity 70558K, committed 70704K, reserved 1112064K
  class space    used 8433K, capacity 9086K, committed 9088K, reserved 1048576K
}
Event: 64.354 GC heap before
{Heap before GC invocations=25 (full 0):
 garbage-first heap   total 251904K, used 197302K [0x0000000080000000, 0x0000000100000000)
  region size 1024K, 147 young (150528K), 9 survivors (9216K)
 Metaspace       used 68828K, capacity 70559K, committed 70704K, reserved 1112064K
  class space    used 8433K, capacity 9086K, committed 9088K, reserved 1048576K
}
Event: 64.359 GC heap after
{Heap after GC invocations=26 (full 0):
 garbage-first heap   total 251904K, used 56524K [0x0000000080000000, 0x0000000100000000)
  region size 1024K, 9 young (9216K), 9 survivors (9216K)
 Metaspace       used 68828K, capacity 70559K, committed 70704K, reserved 1112064K
  class space    used 8433K, capacity 9086K, committed 9088K, reserved 1048576K
}
Event: 64.639 GC heap before
{Heap before GC invocations=26 (full 0):
 garbage-first heap   total 251904K, used 196812K [0x0000000080000000, 0x0000000100000000)
  region size 1024K, 147 young (150528K), 9 survivors (9216K)
 Metaspace       used 68839K, capacity 70559K, committed 70704K, reserved 1112064K
  class space    used 8433K, capacity 9086K, committed 9088K, reserved 1048576K
}
Event: 64.646 GC heap after
{Heap after GC invocations=27 (full 0):
 garbage-first heap   total 251904K, used 56763K [0x0000000080000000, 0x0000000100000000)
  region size 1024K, 9 young (9216K), 9 survivors (9216K)
 Metaspace       used 68839K, capacity 70559K, committed 70704K, reserved 1112064K
  class space    used 8433K, capacity 9086K, committed 9088K, reserved 1048576K
}
Event: 64.901 GC heap before
{Heap before GC invocations=27 (full 0):
 garbage-first heap   total 251904K, used 197051K [0x0000000080000000, 0x0000000100000000)
  region size 1024K, 147 young (150528K), 9 survivors (9216K)
 Metaspace       used 68841K, capacity 70560K, committed 70704K, reserved 1112064K
  class space    used 8433K, capacity 9086K, committed 9088K, reserved 1048576K
}
Event: 64.907 GC heap after
{Heap after GC invocations=28 (full 0):
 garbage-first heap   total 251904K, used 56126K [0x0000000080000000, 0x0000000100000000)
  region size 1024K, 9 young (9216K), 9 survivors (9216K)
 Metaspace       used 68841K, capacity 70560K, committed 70704K, reserved 1112064K
  class space    used 8433K, capacity 9086K, committed 9088K, reserved 1048576K
}
Event: 65.221 GC heap before
{Heap before GC invocations=28 (full 0):
 garbage-first heap   total 251904K, used 196414K [0x0000000080000000, 0x0000000100000000)
  region size 1024K, 148 young (151552K), 9 survivors (9216K)
 Metaspace       used 68843K, capacity 70560K, committed 70704K, reserved 1112064K
  class space    used 8433K, capacity 9086K, committed 9088K, reserved 1048576K
}
Event: 65.228 GC heap after
{Heap after GC invocations=29 (full 0):
 garbage-first heap   total 303104K, used 56606K [0x0000000080000000, 0x0000000100000000)
  region size 1024K, 9 young (9216K), 9 survivors (9216K)
 Metaspace       used 68843K, capacity 70560K, committed 70704K, reserved 1112064K
  class space    used 8433K, capacity 9086K, committed 9088K, reserved 1048576K
}
Event: 65.652 GC heap before
{Heap before GC invocations=29 (full 0):
 garbage-first heap   total 303104K, used 228638K [0x0000000080000000, 0x0000000100000000)
  region size 1024K, 177 young (181248K), 9 survivors (9216K)
 Metaspace       used 68847K, capacity 70560K, committed 70704K, reserved 1112064K
  class space    used 8434K, capacity 9086K, committed 9088K, reserved 1048576K
}
Event: 65.658 GC heap after
{Heap after GC invocations=30 (full 0):
 garbage-first heap   total 303104K, used 57710K [0x0000000080000000, 0x0000000100000000)
  region size 1024K, 9 young (9216K), 9 survivors (9216K)
 Metaspace       used 68847K, capacity 70560K, committed 70704K, reserved 1112064K
  class space    used 8434K, capacity 9086K, committed 9088K, reserved 1048576K
}

Deoptimization events (20 events):
Event: 65.027 Thread 0x000001e54a187000 Uncommon trap: trap_request=0xffffff4d fr.pc=0x000001e534b56ed4 relative=0x00000000000030b4
Event: 65.027 Thread 0x000001e54a187000 Uncommon trap: reason=unstable_if action=reinterpret pc=0x000001e534b56ed4 method=org.objectweb.asm.SymbolTable.addConstantMemberReference(ILjava/lang/String;Ljava/lang/String;Ljava/lang/String;)Lorg/objectweb/asm/SymbolTable$Entry; @ 51 c2
Event: 65.027 Thread 0x000001e54a187000 DEOPT PACKING pc=0x000001e534b56ed4 sp=0x000000b0526fd210
Event: 65.027 Thread 0x000001e54a187000 DEOPT UNPACKING pc=0x000001e52c9fa1af sp=0x000000b0526fd238 mode 2
Event: 65.027 Thread 0x000001e54a187000 Uncommon trap: trap_request=0xffffff4d fr.pc=0x000001e534b81740 relative=0x0000000000001820
Event: 65.027 Thread 0x000001e54a187000 Uncommon trap: reason=unstable_if action=reinterpret pc=0x000001e534b81740 method=org.objectweb.asm.SymbolTable.addConstantNameAndType(Ljava/lang/String;Ljava/lang/String;)I @ 66 c2
Event: 65.027 Thread 0x000001e54a187000 DEOPT PACKING pc=0x000001e534b81740 sp=0x000000b0526fd190
Event: 65.027 Thread 0x000001e54a187000 DEOPT UNPACKING pc=0x000001e52c9fa1af sp=0x000000b0526fd188 mode 2
Event: 65.506 Thread 0x000001e549fa0000 Uncommon trap: trap_request=0xffffff4d fr.pc=0x000001e534bb5cc8 relative=0x0000000000003928
Event: 65.506 Thread 0x000001e549fa0000 Uncommon trap: reason=unstable_if action=reinterpret pc=0x000001e534bb5cc8 method=org.objectweb.asm.SymbolTable.addConstantNameAndType(Ljava/lang/String;Ljava/lang/String;)I @ 54 c2
Event: 65.506 Thread 0x000001e549fa0000 DEOPT PACKING pc=0x000001e534bb5cc8 sp=0x000000b0523fda00
Event: 65.506 Thread 0x000001e549fa0000 DEOPT UNPACKING pc=0x000001e52c9fa1af sp=0x000000b0523fd988 mode 2
Event: 65.621 Thread 0x000001e549fa0000 Uncommon trap: trap_request=0xffffff4d fr.pc=0x000001e534b50da0 relative=0x0000000000003220
Event: 65.621 Thread 0x000001e549fa0000 Uncommon trap: reason=unstable_if action=reinterpret pc=0x000001e534b50da0 method=org.objectweb.asm.SymbolTable.addBootstrapMethod(III)Lorg/objectweb/asm/Symbol; @ 75 c2
Event: 65.621 Thread 0x000001e549fa0000 DEOPT PACKING pc=0x000001e534b50da0 sp=0x000000b0523fd7f0
Event: 65.621 Thread 0x000001e549fa0000 DEOPT UNPACKING pc=0x000001e52c9fa1af sp=0x000000b0523fd740 mode 2
Event: 65.625 Thread 0x000001e549fa0000 Uncommon trap: trap_request=0xffffff4d fr.pc=0x000001e534ad7380 relative=0x0000000000002080
Event: 65.625 Thread 0x000001e549fa0000 Uncommon trap: reason=unstable_if action=reinterpret pc=0x000001e534ad7380 method=org.objectweb.asm.MethodWriter.visitFrame(II[Ljava/lang/Object;I[Ljava/lang/Object;)V @ 771 c2
Event: 65.625 Thread 0x000001e549fa0000 DEOPT PACKING pc=0x000001e534ad7380 sp=0x000000b0523fdbd0
Event: 65.625 Thread 0x000001e549fa0000 DEOPT UNPACKING pc=0x000001e52c9fa1af sp=0x000000b0523fdba8 mode 2

Classes redefined (0 events):
No events

Internal exceptions (20 events):
Event: 64.676 Thread 0x000001e549f9c000 Exception <a 'sun/nio/fs/WindowsException'{0x000000008e77e8d0}> (0x000000008e77e8d0) thrown at [./src/hotspot/share/prims/jni.cpp, line 616]
Event: 64.679 Thread 0x000001e549f9c000 Exception <a 'sun/nio/fs/WindowsException'{0x000000008e77eaa8}> (0x000000008e77eaa8) thrown at [./src/hotspot/share/prims/jni.cpp, line 616]
Event: 64.686 Thread 0x000001e549f9c000 Exception <a 'sun/nio/fs/WindowsException'{0x000000008e783db8}> (0x000000008e783db8) thrown at [./src/hotspot/share/prims/jni.cpp, line 616]
Event: 64.743 Thread 0x000001e54a189800 Exception <a 'sun/nio/fs/WindowsException'{0x000000008c4b47a0}> (0x000000008c4b47a0) thrown at [./src/hotspot/share/prims/jni.cpp, line 616]
Event: 64.745 Thread 0x000001e54a189800 Exception <a 'sun/nio/fs/WindowsException'{0x000000008c4b4970}> (0x000000008c4b4970) thrown at [./src/hotspot/share/prims/jni.cpp, line 616]
Event: 64.752 Thread 0x000001e54a189800 Exception <a 'sun/nio/fs/WindowsException'{0x000000008c4b9d50}> (0x000000008c4b9d50) thrown at [./src/hotspot/share/prims/jni.cpp, line 616]
Event: 64.768 Thread 0x000001e54a189800 Exception <a 'sun/nio/fs/WindowsException'{0x000000008b6d8460}> (0x000000008b6d8460) thrown at [./src/hotspot/share/prims/jni.cpp, line 616]
Event: 64.770 Thread 0x000001e54a189800 Exception <a 'sun/nio/fs/WindowsException'{0x000000008b6d8658}> (0x000000008b6d8658) thrown at [./src/hotspot/share/prims/jni.cpp, line 616]
Event: 64.781 Thread 0x000001e549f9f000 Exception <a 'sun/nio/fs/WindowsException'{0x000000008ae2da00}> (0x000000008ae2da00) thrown at [./src/hotspot/share/prims/jni.cpp, line 616]
Event: 64.782 Thread 0x000001e549f9f000 Exception <a 'sun/nio/fs/WindowsException'{0x000000008ae2dbc8}> (0x000000008ae2dbc8) thrown at [./src/hotspot/share/prims/jni.cpp, line 616]
Event: 64.796 Thread 0x000001e54a18a000 Exception <a 'sun/nio/fs/WindowsException'{0x000000008a6e0cf0}> (0x000000008a6e0cf0) thrown at [./src/hotspot/share/prims/jni.cpp, line 616]
Event: 64.797 Thread 0x000001e54a18a000 Exception <a 'sun/nio/fs/WindowsException'{0x000000008a6e0eb8}> (0x000000008a6e0eb8) thrown at [./src/hotspot/share/prims/jni.cpp, line 616]
Event: 64.822 Thread 0x000001e549f9d800 Exception <a 'sun/nio/fs/WindowsException'{0x00000000897ba200}> (0x00000000897ba200) thrown at [./src/hotspot/share/prims/jni.cpp, line 616]
Event: 64.824 Thread 0x000001e549f9d800 Exception <a 'sun/nio/fs/WindowsException'{0x00000000897ba3d8}> (0x00000000897ba3d8) thrown at [./src/hotspot/share/prims/jni.cpp, line 616]
Event: 64.896 Thread 0x000001e54a187800 Exception <a 'sun/nio/fs/WindowsException'{0x0000000086f3d6f8}> (0x0000000086f3d6f8) thrown at [./src/hotspot/share/prims/jni.cpp, line 616]
Event: 64.897 Thread 0x000001e54a187800 Exception <a 'sun/nio/fs/WindowsException'{0x0000000086f3d8c0}> (0x0000000086f3d8c0) thrown at [./src/hotspot/share/prims/jni.cpp, line 616]
Event: 64.923 Thread 0x000001e544a72000 Exception <a 'sun/nio/fs/WindowsException'{0x000000008eef1200}> (0x000000008eef1200) thrown at [./src/hotspot/share/prims/jni.cpp, line 616]
Event: 64.925 Thread 0x000001e544a72000 Exception <a 'sun/nio/fs/WindowsException'{0x000000008eef13d8}> (0x000000008eef13d8) thrown at [./src/hotspot/share/prims/jni.cpp, line 616]
Event: 65.041 Thread 0x000001e549f9c000 Exception <a 'sun/nio/fs/WindowsException'{0x000000008b696260}> (0x000000008b696260) thrown at [./src/hotspot/share/prims/jni.cpp, line 616]
Event: 65.042 Thread 0x000001e549f9c000 Exception <a 'sun/nio/fs/WindowsException'{0x000000008b696430}> (0x000000008b696430) thrown at [./src/hotspot/share/prims/jni.cpp, line 616]

Events (20 events):
Event: 64.079 Executing VM operation: G1CollectForAllocation
Event: 64.080 Executing VM operation: G1CollectForAllocation done
Event: 64.080 Executing VM operation: G1CollectForAllocation
Event: 64.086 Executing VM operation: G1CollectForAllocation done
Event: 64.353 Executing VM operation: G1CollectForAllocation
Event: 64.359 Executing VM operation: G1CollectForAllocation done
Event: 64.413 Loaded shared library C:\Program Files\Android\Android Studio\jre\bin\nio.dll
Event: 64.639 Executing VM operation: G1CollectForAllocation
Event: 64.646 Executing VM operation: G1CollectForAllocation done
Event: 64.901 Executing VM operation: G1CollectForAllocation
Event: 64.907 Executing VM operation: G1CollectForAllocation done
Event: 65.221 Executing VM operation: G1CollectForAllocation
Event: 65.221 Executing VM operation: G1CollectForAllocation done
Event: 65.221 Executing VM operation: G1CollectForAllocation
Event: 65.229 Executing VM operation: G1CollectForAllocation done
Event: 65.470 Executing VM operation: RevokeBias
Event: 65.470 Executing VM operation: RevokeBias done
Event: 65.471 Thread 0x000001e54527a800 Thread exited: 0x000001e54527a800
Event: 65.652 Executing VM operation: G1CollectForAllocation
Event: 65.658 Executing VM operation: G1CollectForAllocation done


Dynamic libraries:
0x00007ff79ed60000 - 0x00007ff79ed6a000 	C:\Program Files\Android\Android Studio\jre\bin\java.exe
0x00007ffe40f20000 - 0x00007ffe41188000 	C:\WINDOWS\SYSTEM32\ntdll.dll
0x00007ffe40920000 - 0x00007ffe409e9000 	C:\WINDOWS\System32\KERNEL32.DLL
0x00007ffe3e690000 - 0x00007ffe3ea88000 	C:\WINDOWS\System32\KERNELBASE.dll
0x00007ffe3e3a0000 - 0x00007ffe3e4eb000 	C:\WINDOWS\System32\ucrtbase.dll
0x00007ffe30a40000 - 0x00007ffe30a57000 	C:\Program Files\Android\Android Studio\jre\bin\VCRUNTIME140.dll
0x00007ffe38640000 - 0x00007ffe38659000 	C:\Program Files\Android\Android Studio\jre\bin\jli.dll
0x00007ffe40750000 - 0x00007ffe40917000 	C:\WINDOWS\System32\USER32.dll
0x00007ffe22ed0000 - 0x00007ffe23164000 	C:\WINDOWS\WinSxS\amd64_microsoft.windows.common-controls_6595b64144ccf1df_6.0.26100.7019_none_3e06ffa0e335b8a8\COMCTL32.dll
0x00007ffe3e4f0000 - 0x00007ffe3e517000 	C:\WINDOWS\System32\win32u.dll
0x00007ffe3f9a0000 - 0x00007ffe3fa49000 	C:\WINDOWS\System32\msvcrt.dll
0x00007ffe3f3f0000 - 0x00007ffe3f41b000 	C:\WINDOWS\System32\GDI32.dll
0x00007ffe3e270000 - 0x00007ffe3e39c000 	C:\WINDOWS\System32\gdi32full.dll
0x00007ffe3ec10000 - 0x00007ffe3ecb3000 	C:\WINDOWS\System32\msvcp_win.dll
0x00007ffe3ecc0000 - 0x00007ffe3ecf1000 	C:\WINDOWS\System32\IMM32.DLL
0x00007ffe29d20000 - 0x00007ffe29dbd000 	C:\Program Files\Android\Android Studio\jre\bin\msvcp140.dll
0x00007ffdcba30000 - 0x00007ffdcc532000 	C:\Program Files\Android\Android Studio\jre\bin\server\jvm.dll
0x00007ffe3f8e0000 - 0x00007ffe3f994000 	C:\WINDOWS\System32\ADVAPI32.dll
0x00007ffe3f830000 - 0x00007ffe3f8d6000 	C:\WINDOWS\System32\sechost.dll
0x00007ffe3fa50000 - 0x00007ffe3fb68000 	C:\WINDOWS\System32\RPCRT4.dll
0x00007ffe3f820000 - 0x00007ffe3f828000 	C:\WINDOWS\System32\PSAPI.DLL
0x00007ffe364e0000 - 0x00007ffe36515000 	C:\WINDOWS\SYSTEM32\WINMM.dll
0x00007ffe2a110000 - 0x00007ffe2a11a000 	C:\WINDOWS\SYSTEM32\WSOCK32.dll
0x00007ffe37a20000 - 0x00007ffe37a2b000 	C:\WINDOWS\SYSTEM32\VERSION.dll
0x00007ffe40ac0000 - 0x00007ffe40b34000 	C:\WINDOWS\System32\WS2_32.dll
0x00007ffe3cdf0000 - 0x00007ffe3ce0b000 	C:\WINDOWS\SYSTEM32\kernel.appcore.dll
0x00007ffe29b00000 - 0x00007ffe29b11000 	C:\Program Files\Android\Android Studio\jre\bin\verify.dll
0x00007ffe31240000 - 0x00007ffe31482000 	C:\WINDOWS\SYSTEM32\DBGHELP.DLL
0x00007ffe40b50000 - 0x00007ffe40edb000 	C:\WINDOWS\System32\combase.dll
0x00007ffe3fb80000 - 0x00007ffe3fc57000 	C:\WINDOWS\System32\OLEAUT32.dll
0x00007ffe220f0000 - 0x00007ffe2212c000 	C:\WINDOWS\SYSTEM32\dbgcore.DLL
0x00007ffe3e1c0000 - 0x00007ffe3e265000 	C:\WINDOWS\System32\bcryptPrimitives.dll
0x00007ffe29740000 - 0x00007ffe29769000 	C:\Program Files\Android\Android Studio\jre\bin\java.dll
0x00007ffe39020000 - 0x00007ffe3902b000 	C:\Program Files\Android\Android Studio\jre\bin\jimage.dll
0x00007ffe3b1b0000 - 0x00007ffe3b1bf000 	C:\Program Files\Android\Android Studio\jre\bin\instrument.dll
0x00007ffe295c0000 - 0x00007ffe295d8000 	C:\Program Files\Android\Android Studio\jre\bin\zip.dll
0x00007ffe3fe70000 - 0x00007ffe405bf000 	C:\WINDOWS\System32\SHELL32.dll
0x00007ffe3e520000 - 0x00007ffe3e68b000 	C:\WINDOWS\System32\wintypes.dll
0x00007ffe3bc50000 - 0x00007ffe3c4ad000 	C:\WINDOWS\SYSTEM32\windows.storage.dll
0x00007ffe40650000 - 0x00007ffe40742000 	C:\WINDOWS\System32\SHCORE.dll
0x00007ffe40a50000 - 0x00007ffe40ab7000 	C:\WINDOWS\System32\shlwapi.dll
0x00007ffe3df90000 - 0x00007ffe3dfb9000 	C:\WINDOWS\SYSTEM32\profapi.dll
0x00007ffe28f60000 - 0x00007ffe28f7a000 	C:\Program Files\Android\Android Studio\jre\bin\net.dll
0x00007ffe38210000 - 0x00007ffe38338000 	C:\WINDOWS\SYSTEM32\WINHTTP.dll
0x00007ffe3d340000 - 0x00007ffe3d3ab000 	C:\WINDOWS\system32\mswsock.dll
0x00007ffe28f40000 - 0x00007ffe28f54000 	C:\Program Files\Android\Android Studio\jre\bin\nio.dll
0x00007ffe308f0000 - 0x00007ffe30917000 	C:\Users\ELITEBOOK\.gradle\native\68d5fa5c4cc2d200863cafc0d521ce42e7d3e7ee720ec0a83991735586a16f82\windows-amd64\native-platform.dll
0x00007ffe15220000 - 0x00007ffe15364000 	C:\Users\ELITEBOOK\.gradle\native\e376f236ea51e6404a007f0833ffe2c6e607c4080706a723a18a27aeea778392\windows-amd64\native-platform-file-events.dll
0x00007ffe30e00000 - 0x00007ffe30e0a000 	C:\Program Files\Android\Android Studio\jre\bin\management.dll
0x00007ffe30920000 - 0x00007ffe3092d000 	C:\Program Files\Android\Android Studio\jre\bin\management_ext.dll
0x00007ffe3d730000 - 0x00007ffe3d74b000 	C:\WINDOWS\SYSTEM32\CRYPTSP.dll
0x00007ffe3cd50000 - 0x00007ffe3cd8a000 	C:\WINDOWS\system32\rsaenh.dll
0x00007ffe3d3f0000 - 0x00007ffe3d41b000 	C:\WINDOWS\SYSTEM32\USERENV.dll
0x00007ffe3df60000 - 0x00007ffe3df8a000 	C:\WINDOWS\SYSTEM32\bcrypt.dll
0x00007ffe3d590000 - 0x00007ffe3d59c000 	C:\WINDOWS\SYSTEM32\CRYPTBASE.dll
0x00007ffe3c7e0000 - 0x00007ffe3c814000 	C:\WINDOWS\SYSTEM32\IPHLPAPI.DLL
0x00007ffe3fb70000 - 0x00007ffe3fb7a000 	C:\WINDOWS\System32\NSI.dll
0x00007ffe387a0000 - 0x00007ffe387be000 	C:\WINDOWS\SYSTEM32\dhcpcsvc6.DLL
0x00007ffe38520000 - 0x00007ffe38543000 	C:\WINDOWS\SYSTEM32\dhcpcsvc.DLL
0x00007ffe3c870000 - 0x00007ffe3c99c000 	C:\WINDOWS\SYSTEM32\DNSAPI.dll
0x00007ffe28c60000 - 0x00007ffe28c87000 	C:\Program Files\Android\Android Studio\jre\bin\sunec.dll
0x00007ffe37a30000 - 0x00007ffe37a3b000 	C:\Windows\System32\rasadhlp.dll
0x00007ffe38a40000 - 0x00007ffe38ac6000 	C:\WINDOWS\System32\fwpuclnt.dll

dbghelp: loaded successfully - version: 4.0.5 - missing functions: none
symbol engine: initialized successfully - sym options: 0x614 - pdb path: .;C:\Program Files\Android\Android Studio\jre\bin;C:\WINDOWS\SYSTEM32;C:\WINDOWS\WinSxS\amd64_microsoft.windows.common-controls_6595b64144ccf1df_6.0.26100.7019_none_3e06ffa0e335b8a8;C:\Program Files\Android\Android Studio\jre\bin\server;C:\Users\ELITEBOOK\.gradle\native\68d5fa5c4cc2d200863cafc0d521ce42e7d3e7ee720ec0a83991735586a16f82\windows-amd64;C:\Users\ELITEBOOK\.gradle\native\e376f236ea51e6404a007f0833ffe2c6e607c4080706a723a18a27aeea778392\windows-amd64

VM Arguments:
jvm_args: --add-opens=java.base/java.util=ALL-UNNAMED --add-opens=java.base/java.lang=ALL-UNNAMED --add-opens=java.base/java.lang.invoke=ALL-UNNAMED --add-opens=java.prefs/java.util.prefs=ALL-UNNAMED --add-opens=java.base/java.nio.charset=ALL-UNNAMED --add-opens=java.base/java.net=ALL-UNNAMED --add-opens=java.base/java.util.concurrent.atomic=ALL-UNNAMED -Xmx2048m -Dfile.encoding=UTF-8 -Duser.country=FR -Duser.language=fr -Duser.variant -javaagent:C:\Users\ELITEBOOK\.gradle\wrapper\dists\gradle-8.2.1-all\d8pvvlun5bx6sdtwqhf8y9z4b\gradle-8.2.1\lib\agents\gradle-instrumentation-agent-8.2.1.jar 
java_command: org.gradle.launcher.daemon.bootstrap.GradleDaemon 8.2.1
java_class_path (initial): C:\Users\ELITEBOOK\.gradle\wrapper\dists\gradle-8.2.1-all\d8pvvlun5bx6sdtwqhf8y9z4b\gradle-8.2.1\lib\gradle-launcher-8.2.1.jar
Launcher Type: SUN_STANDARD

[Global flags]
     intx CICompilerCount                          = 4                                         {product} {ergonomic}
     uint ConcGCThreads                            = 3                                         {product} {ergonomic}
     uint G1ConcRefinementThreads                  = 10                                        {product} {ergonomic}
   size_t G1HeapRegionSize                         = 1048576                                   {product} {ergonomic}
    uintx GCDrainStackTargetSize                   = 64                                        {product} {ergonomic}
   size_t InitialHeapSize                          = 257949696                                 {product} {ergonomic}
   size_t MarkStackSize                            = 4194304                                   {product} {ergonomic}
   size_t MaxHeapSize                              = 2147483648                                {product} {command line}
   size_t MaxNewSize                               = 1287651328                                {product} {ergonomic}
   size_t MinHeapDeltaBytes                        = 1048576                                   {product} {ergonomic}
    uintx NonNMethodCodeHeapSize                   = 5836300                                {pd product} {ergonomic}
    uintx NonProfiledCodeHeapSize                  = 122910970                              {pd product} {ergonomic}
    uintx ProfiledCodeHeapSize                     = 122910970                              {pd product} {ergonomic}
    uintx ReservedCodeCacheSize                    = 251658240                              {pd product} {ergonomic}
     bool SegmentedCodeCache                       = true                                      {product} {ergonomic}
     bool UseCompressedClassPointers               = true                                 {lp64_product} {ergonomic}
     bool UseCompressedOops                        = true                                 {lp64_product} {ergonomic}
     bool UseG1GC                                  = true                                      {product} {ergonomic}
     bool UseLargePagesIndividualAllocation        = false                                  {pd product} {ergonomic}

Logging:
Log output configuration:
 #0: stdout all=warning uptime,level,tags
 #1: stderr all=off uptime,level,tags

Environment Variables:
JAVA_HOME=C:\java\jdk1.8.0_202
PATH=C:\Program Files\Common Files\Oracle\Java\javapath;C:\oraclexe\app\oracle\product\11.2.0\server\bin;C:\WINDOWS\system32;C:\WINDOWS;C:\WINDOWS\System32\Wbem;C:\WINDOWS\System32\WindowsPowerShell\v1.0\;C:\WINDOWS\System32\OpenSSH\;C:\Program Files\nodejs\;C:\ProgramData\chocolatey\bin;C:\Program Files\MongoDB\Server\8.0\bin;C:\Program Files\dotnet\;C:\Program Files\Git\cmd;C:\Users\ELITEBOOK\apache-maven-3.9.9;C:\Program Files\Docker\Docker\resources\bin;C:\Program Files\Microsoft SQL Server\150\Tools\Binn\;C:\Program Files\Microsoft SQL Server\Client SDK\ODBC\170\Tools\Binn\;C:\Program Files\Kubernetes\Minikube;C:\hadoop\hadoop-3.3.6\bin;C:\java\jdk1.8.0_202\bin;C:\hbase\hbase-2.5.12\bin;C:\spark-3.5.0-bin-hadoop3\spark-3.5.7-bin-hadoop3-scala2.13\bin;C:\Users\ELITEBOOK\AppData\Local\Microsoft\WindowsApps;C:\Users\ELITEBOOK\AppData\Local\Programs\Microsoft VS Code\bin;C:\Users\ELITEBOOK\AppData\Roaming\npm;C:\Program Files\nodejs;C:\Users\ELITEBOOK\AppData\Local\GitHubDesktop\bin;C:\Users\ELITEBOOK\Documents\IntelliJ IDEA 2023.3.2\bin;;C:\Users\ELITEBOOK\.dotnet\tools;C:\Users\ELITEBOOK\apache-maven-3.9.9;C:\Users\ELITEBOOK\Desktop\pfe\mobile flutter\flutter\bin;C:\spark-3.5.0-bin-hadoop3;C:\kafka_2.13-4.1.1\bin;
USERNAME=ELITEBOOK
OS=Windows_NT
PROCESSOR_IDENTIFIER=AMD64 Family 23 Model 96 Stepping 1, AuthenticAMD



---------------  S Y S T E M  ---------------

OS: Windows 11 , 64 bit Build 26100 (10.0.26100.7019)
OS uptime: 4 days 3:25 hours
Hyper-V role detected

CPU:total 12 (initial active 12) (12 cores per cpu, 2 threads per core) family 23 model 96 stepping 1 microcode 0x860010f, cmov, cx8, fxsr, mmx, sse, sse2, sse3, ssse3, sse4.1, sse4.2, popcnt, avx, avx2, aes, clmul, mmxext, 3dnowpref, lzcnt, sse4a, ht, tsc, tscinvbit, tscinv, bmi1, bmi2, adx, sha, fma

Memory: 4k page, system-wide physical 15697M (2544M free)
TotalPageFile size 21841M (AvailPageFile size 14M)
current process WorkingSet (physical memory assigned to process): 524M, peak: 529M
current process commit charge ("private bytes"): 601M, peak: 605M

vm_info: OpenJDK 64-Bit Server VM (11.0.13+0-b1751.21-8125866) for windows-amd64 JRE (11.0.13+0-b1751.21-8125866), built on Feb  2 2022 03:00:22 by "builder" with MS VC++ 14.0 (VS2015)

END.
